Current configuration:
[NAME]		[DEFLT]			[VALUE]
-example	no			no
-fullvar	no			no
-help		no			no
-meanfn					/Volumes/HDD/WEB/Flask/building_user_login_system/finish/ASRProject/model_parameters/iot.ci_cont/means
-mixwfn					/Volumes/HDD/WEB/Flask/building_user_login_system/finish/ASRProject/model_parameters/iot.ci_cont/mixture_weights
-moddeffn				/Volumes/HDD/WEB/Flask/building_user_login_system/finish/ASRProject/model_architecture/iot.ci.mdef
-niter		0			1
-npermute	6			12
-qstperstt	8			20
-questfn				/Volumes/HDD/WEB/Flask/building_user_login_system/finish/ASRProject/model_architecture/iot.tree_questions
-tempfn		/tmp/TEMP.QUESTS	/tmp/TEMP.QUESTS
-type					.cont.
-varfloor	1.0e-08			1.000000e-08
-varfn					/Volumes/HDD/WEB/Flask/building_user_login_system/finish/ASRProject/model_parameters/iot.ci_cont/variances

INFO: main.c(792): Reading: /Volumes/HDD/WEB/Flask/building_user_login_system/finish/ASRProject/model_architecture/iot.ci.mdef
INFO: model_def_io.c(573): Model definition info:
INFO: model_def_io.c(574): 35 total models defined (35 base, 0 tri)
INFO: model_def_io.c(575): 140 total states
INFO: model_def_io.c(576): 105 total tied states
INFO: model_def_io.c(577): 105 total tied CI states
INFO: model_def_io.c(578): 35 total tied transition matrices
INFO: model_def_io.c(579): 4 max state/model
INFO: model_def_io.c(580): 4 min state/model
INFO: main.c(811): Reading: /Volumes/HDD/WEB/Flask/building_user_login_system/finish/ASRProject/model_parameters/iot.ci_cont/mixture_weights
INFO: s3mixw_io.c(117): Read /Volumes/HDD/WEB/Flask/building_user_login_system/finish/ASRProject/model_parameters/iot.ci_cont/mixture_weights [105x1x1 array]
INFO: s3gau_io.c(169): Read /Volumes/HDD/WEB/Flask/building_user_login_system/finish/ASRProject/model_parameters/iot.ci_cont/means [105x1x1 array]
INFO: s3gau_io.c(169): Read /Volumes/HDD/WEB/Flask/building_user_login_system/finish/ASRProject/model_parameters/iot.ci_cont/variances [105x1x1 array]
INFO: main.c(1109): Done building questions using state 0
INFO: main.c(1110):  21 questions from state 0
INFO: main.c(1109): Done building questions using state 1
INFO: main.c(1110):  21 questions from state 1
INFO: main.c(1109): Done building questions using state 2
INFO: main.c(1110):  21 questions from state 2
INFO: main.c(1115): Stored questions in /Volumes/HDD/WEB/Flask/building_user_login_system/finish/ASRProject/model_architecture/iot.tree_questions
Mon Jun 29 00:03:54 2020
