Current configuration:
[NAME]		[DEFLT]	[VALUE]
-allphones	no	no
-cntthresh	0.00001	1.000000e-05
-csplitmax	100	2000
-csplitmin	1	1
-csplitthr	8e-4	0.000000e+00
-example	no	no
-fullvar	no	no
-help		no	no
-meanfn			/Volumes/HDD/WEB/Flask/building_user_login_system/finish/ASRProject/model_parameters/iot.cd_cont_untied/means
-mixwfn			/Volumes/HDD/WEB/Flask/building_user_login_system/finish/ASRProject/model_parameters/iot.cd_cont_untied/mixture_weights
-moddeffn		/Volumes/HDD/WEB/Flask/building_user_login_system/finish/ASRProject/model_architecture/iot.untied.mdef
-mwfloor	1e-4	1.000000e-08
-phone			t
-psetfn			/Volumes/HDD/WEB/Flask/building_user_login_system/finish/ASRProject/model_architecture/iot.tree_questions
-ssplitmax	5	7
-ssplitmin	1	1
-ssplitthr	8e-4	0.000000e+00
-state			1
-stwt			1.0,0.05,0.0,
-treefn			/Volumes/HDD/WEB/Flask/building_user_login_system/finish/ASRProject/trees/iot.unpruned/t-1.dtree
-ts2cbfn	.semi.	.cont.
-varfloor	0.00001	1.000000e-05
-varfn			/Volumes/HDD/WEB/Flask/building_user_login_system/finish/ASRProject/model_parameters/iot.cd_cont_untied/variances

INFO: main.c(223): Reading: /Volumes/HDD/WEB/Flask/building_user_login_system/finish/ASRProject/model_architecture/iot.untied.mdef
INFO: model_def_io.c(573): Model definition info:
INFO: model_def_io.c(574): 112 total models defined (35 base, 77 tri)
INFO: model_def_io.c(575): 448 total states
INFO: model_def_io.c(576): 336 total tied states
INFO: model_def_io.c(577): 105 total tied CI states
INFO: model_def_io.c(578): 35 total tied transition matrices
INFO: model_def_io.c(579): 4 max state/model
INFO: model_def_io.c(580): 4 min state/model
INFO: main.c(242): Building trees for [t SIL av b] through [t ok s i]
INFO: main.c(269): Covering states |[297 317]| == 21
INFO: main.c(275): Reading: /Volumes/HDD/WEB/Flask/building_user_login_system/finish/ASRProject/model_parameters/iot.cd_cont_untied/mixture_weights
INFO: s3mixw_io.c(173): Read /Volumes/HDD/WEB/Flask/building_user_login_system/finish/ASRProject/model_parameters/iot.cd_cont_untied/mixture_weights [21x1x1 array]
INFO: main.c(311): 7 of 7 models have observation count greater than 0.000010
INFO: main.c(95): nrm stwt: 0.045 0.909 0.045 
INFO: s3gau_io.c(169): Read /Volumes/HDD/WEB/Flask/building_user_login_system/finish/ASRProject/model_parameters/iot.cd_cont_untied/means [336x1x1 array]
INFO: s3gau_io.c(169): Read /Volumes/HDD/WEB/Flask/building_user_login_system/finish/ASRProject/model_parameters/iot.cd_cont_untied/variances [336x1x1 array]
INFO: main.c(549): Reading: /Volumes/HDD/WEB/Flask/building_user_login_system/finish/ASRProject/model_architecture/iot.tree_questions
INFO: main.c(588): 180 total simple questions (172 phone; 8 word bndry)
INFO: main.c(590): 42 Left Only questions, and 42 Right Only questions
INFO: dtree.c(1439): stop. leaf nodes are specific
INFO: dtree.c(1478): Final simple tree
|( WDBNDRY_E 0 -4.854e+05 3.626e+03 2.029e+03
|    ( QUESTION0 -1 -9.217e+04 6.250e+02 3.767e+02
|        ( - -4.383e+04 1 0)
|        ( - -4.771e+04 1 0))
|    ( QUESTION0_2_R 1 -3.897e+05 1.810e+03 1.652e+03
|        ( WDBNDRY_B 0 -2.846e+05 9.814e+02 1.226e+03
|            ( QUESTION0_9_R 1 -2.403e+05 4.388e+02 1.033e+03
|                ( - -1.798e+05 1 0)
|                ( - -6.014e+04 1 0))
|            ( - -4.333e+04 1 0))
|        ( QUESTION0_15_R 1 -1.032e+05 5.172e+02 4.262e+02
|            ( - -4.533e+04 1 0)
|            ( - -5.735e+04 1 0))))
s>    ( WDBNDRY_E 0 -4.854e+05 3.626e+03 2.029e+03
s>        ( QUESTION0 -1 -9.217e+04 6.250e+02 3.767e+02
s>            ( - -4.383e+04 1 0)
s>            ( - -4.771e+04 1 0))
s>        ( QUESTION0_2_R 1 -3.897e+05 1.810e+03 1.652e+03
s>            ( WDBNDRY_B 0 -2.846e+05 9.814e+02 1.226e+03
s>                ( QUESTION0_9_R 1 -2.403e+05 4.388e+02 1.033e+03
s>                    ( - -1.798e+05 1 0)
s>                    ( - -6.014e+04 1 0))
s>                ( - -4.333e+04 1 0))
s>            ( QUESTION0_15_R 1 -1.032e+05 5.172e+02 4.262e+02
s>                ( - -4.533e+04 1 0)
s>                ( - -5.735e+04 1 0))))INFO: dtree.c(1315): Comp split 0
INFO: dtree.c(1439): stop. leaf nodes are specific
INFO: dtree.c(1478): Final simple tree
|( QUESTION0_2_R 1 -3.897e+05 1.810e+03 1.652e+03
|    ( WDBNDRY_B 0 -2.846e+05 9.814e+02 1.226e+03
|        ( QUESTION0_9_R 1 -2.403e+05 4.388e+02 1.033e+03
|            ( - -1.798e+05 1 0)
|            ( - -6.014e+04 1 0))
|        ( - -4.333e+04 1 0))
|    ( QUESTION0_15_R 1 -1.032e+05 5.172e+02 4.262e+02
|        ( - -4.533e+04 1 0)
|        ( - -5.735e+04 1 0)))
s>    ( QUESTION0_2_R 1 -3.897e+05 1.810e+03 1.652e+03
s>        ( WDBNDRY_B 0 -2.846e+05 9.814e+02 1.226e+03
s>            ( QUESTION0_9_R 1 -2.403e+05 4.388e+02 1.033e+03
s>                ( - -1.798e+05 1 0)
s>                ( - -6.014e+04 1 0))
s>            ( - -4.333e+04 1 0))
s>        ( QUESTION0_15_R 1 -1.032e+05 5.172e+02 4.262e+02
s>            ( - -4.533e+04 1 0)
s>            ( - -5.735e+04 1 0)))INFO: dtree.c(1439): stop. leaf nodes are specific
INFO: dtree.c(1478): Final simple tree
|( QUESTION0 -1 -9.217e+04 6.250e+02 3.767e+02
|    ( - -4.383e+04 1 0)
|    ( - -4.771e+04 1 0))
s>    ( QUESTION0 -1 -9.217e+04 6.250e+02 3.767e+02
s>        ( - -4.383e+04 1 0)
s>        ( - -4.771e+04 1 0))INFO: dtree.c(1315): Comp split 1
INFO: dtree.c(1439): stop. leaf nodes are specific
INFO: dtree.c(1478): Final simple tree
|( WDBNDRY_B 0 -2.846e+05 9.814e+02 1.226e+03
|    ( QUESTION0_9_R 1 -2.403e+05 4.388e+02 1.033e+03
|        ( - -1.798e+05 1 0)
|        ( - -6.014e+04 1 0))
|    ( - -4.333e+04 1 0))
s>    ( WDBNDRY_B 0 -2.846e+05 9.814e+02 1.226e+03
s>        ( QUESTION0_9_R 1 -2.403e+05 4.388e+02 1.033e+03
s>            ( - -1.798e+05 1 0)
s>            ( - -6.014e+04 1 0))
s>        ( - -4.333e+04 1 0))INFO: dtree.c(1439): stop. leaf nodes are specific
INFO: dtree.c(1478): Final simple tree
|( QUESTION0_15_R 1 -1.032e+05 5.172e+02 4.262e+02
|    ( - -4.533e+04 1 0)
|    ( - -5.735e+04 1 0))
s>    ( QUESTION0_15_R 1 -1.032e+05 5.172e+02 4.262e+02
s>        ( - -4.533e+04 1 0)
s>        ( - -5.735e+04 1 0))INFO: dtree.c(1315): Comp split 2
INFO: dtree.c(1439): stop. leaf nodes are specific
INFO: dtree.c(1478): Final simple tree
|( QUESTION0_9_R 1 -2.403e+05 4.388e+02 1.033e+03
|    ( - -1.798e+05 1 0)
|    ( - -6.014e+04 1 0))
s>    ( QUESTION0_9_R 1 -2.403e+05 4.388e+02 1.033e+03
s>        ( - -1.798e+05 1 0)
s>        ( - -6.014e+04 1 0))INFO: dtree.c(1315): Comp split 3
INFO: dtree.c(1315): Comp split 4
INFO: dtree.c(1315): Comp split 5
INFO: dtree.c(1315): Comp split 6
INFO: dtree.c(1318): stop. leaf nodes are specific
Mon Jun 29 00:04:00 2020
