Current configuration:
[NAME]		[DEFLT]	[VALUE]
-dcountfn		/Volumes/HDD/WEB/Flask/building_user_login_system/finish/ASRProject/model_parameters/iot.cd_cont_200/mixture_weights
-example	no	no
-fullvar	no	no
-help		no	no
-inmeanfn		/Volumes/HDD/WEB/Flask/building_user_login_system/finish/ASRProject/model_parameters/iot.cd_cont_200/means
-inmixwfn		/Volumes/HDD/WEB/Flask/building_user_login_system/finish/ASRProject/model_parameters/iot.cd_cont_200/mixture_weights
-invarfn		/Volumes/HDD/WEB/Flask/building_user_login_system/finish/ASRProject/model_parameters/iot.cd_cont_200/variances
-ninc		1	2
-outmeanfn		/Volumes/HDD/WEB/Flask/building_user_login_system/finish/ASRProject/model_parameters/iot.cd_cont_initial/means
-outmixwfn		/Volumes/HDD/WEB/Flask/building_user_login_system/finish/ASRProject/model_parameters/iot.cd_cont_initial/mixture_weights
-outvarfn		/Volumes/HDD/WEB/Flask/building_user_login_system/finish/ASRProject/model_parameters/iot.cd_cont_initial/variances

INFO: main.c(86): Reading mixing weight file /Volumes/HDD/WEB/Flask/building_user_login_system/finish/ASRProject/model_parameters/iot.cd_cont_200/mixture_weights.
INFO: s3mixw_io.c(117): Read /Volumes/HDD/WEB/Flask/building_user_login_system/finish/ASRProject/model_parameters/iot.cd_cont_200/mixture_weights [305x1x2 array]
INFO: s3gau_io.c(169): Read /Volumes/HDD/WEB/Flask/building_user_login_system/finish/ASRProject/model_parameters/iot.cd_cont_200/means [305x1x2 array]
INFO: s3gau_io.c(169): Read /Volumes/HDD/WEB/Flask/building_user_login_system/finish/ASRProject/model_parameters/iot.cd_cont_200/variances [305x1x2 array]
INFO: s3gau_io.c(553): Read /Volumes/HDD/WEB/Flask/building_user_login_system/finish/ASRProject/model_parameters/iot.cd_cont_200/mixture_weights [305x1x2 array]
INFO: main.c(151): output n_density == 4
0:1(3.41e+02)0(1.48e+02)
1:1(1.51e+02)0(1.01e+02)
2:0(1.68e+02)1(1.35e+02)
3:1(5.09e+03)0(2.32e+03)
4:1(2.27e+04)0(9.35e+03)
5:1(3.42e+04)0(2.46e+04)
6:1(5.81e+02)0(5.74e+02)
7:0(3.80e+02)1(3.72e+02)
8:0(5.94e+02)1(4.77e+02)
9:0(2.97e+02)1(1.90e+02)
10:0(6.57e+02)1(5.18e+02)
11:1(2.98e+02)0(2.13e+02)
12:1(1.74e+03)0(1.40e+03)
13:0(1.29e+03)1(7.36e+02)
14:0(6.58e+02)1(6.49e+02)
15:0(5.03e+02)1(4.62e+02)
16:1(1.61e+03)0(1.45e+03)
17:0(8.39e+02)1(7.04e+02)
18:1(2.07e+03)0(9.64e+02)
19:1(9.80e+02)0(9.20e+02)
20:1(7.10e+02)0(5.36e+02)
21:1(1.00e+03)0(8.41e+02)
22:1(6.83e+02)0(6.39e+02)
23:0(4.82e+02)1(4.17e+02)
24:0(7.43e+02)1(6.22e+02)
25:0(5.74e+02)1(5.57e+02)
26:1(9.53e+02)0(8.00e+02)
27:1(7.03e+02)0(5.85e+02)
28:0(5.44e+02)1(4.35e+02)
29:1(4.96e+02)0(4.70e+02)
30:0(1.21e+02)1(1.20e+02)
31:1(1.76e+02)0(1.38e+02)
32:1(3.28e+02)0(2.73e+02)
33:1(9.19e+02)0(3.08e+02)
34:0(1.43e+03)1(1.39e+03)
35:1(1.13e+03)0(6.88e+02)
36:1(3.70e+02)0(2.42e+02)
37:1(7.05e+02)0(5.08e+02)
38:1(3.30e+02)0(1.36e+02)
39:0(7.12e+02)1(6.75e+02)
40:1(1.12e+03)0(9.17e+02)
41:1(1.90e+03)0(1.82e+03)
42:1(1.31e+03)0(9.39e+02)
43:1(1.61e+03)0(6.02e+02)
44:1(4.70e+03)0(7.02e+02)
45:1(1.09e+03)0(1.04e+03)
46:0(1.28e+03)1(5.50e+02)
47:0(6.47e+03)1(8.35e+02)
48:1(1.59e+03)0(1.00e+03)
49:1(1.02e+03)0(8.12e+02)
50:1(1.75e+03)0(1.42e+03)
51:1(9.16e+02)0(6.51e+02)
52:1(2.12e+03)0(6.32e+02)
53:1(3.43e+03)0(1.13e+03)
54:0(6.94e+02)1(4.97e+02)
55:0(1.11e+03)1(9.17e+02)
56:0(1.76e+03)1(6.63e+02)
57:0(3.49e+02)1(1.45e+02)
58:1(5.42e+02)0(4.25e+02)
59:1(7.66e+02)0(7.60e+02)
60:1(7.43e+02)0(6.24e+02)
61:0(2.34e+03)1(1.43e+03)
62:1(2.49e+03)0(2.45e+03)
63:0(3.44e+02)1(2.62e+02)
64:1(4.45e+02)0(3.11e+02)
65:0(5.57e+02)1(4.61e+02)
66:1(2.06e+02)0(1.41e+02)
67:0(3.46e+02)1(3.33e+02)
68:0(4.44e+02)1(3.41e+02)
69:1(2.36e+02)0(2.17e+02)
70:0(6.40e+02)1(4.58e+02)
71:0(4.65e+02)1(2.68e+02)
72:0(2.84e+02)1(1.76e+02)
73:0(3.33e+02)1(3.15e+02)
74:1(4.15e+02)0(4.08e+02)
75:0(6.02e+02)1(5.11e+02)
76:0(9.42e+02)1(8.12e+02)
77:0(7.03e+02)1(5.30e+02)
78:0(1.40e+03)1(7.81e+02)
79:1(4.59e+02)0(4.54e+02)
80:1(5.06e+02)0(2.50e+02)
81:1(8.22e+02)0(5.34e+02)
82:0(1.58e+03)1(6.94e+02)
83:1(4.02e+03)0(2.73e+03)
84:0(1.11e+03)1(7.48e+02)
85:1(1.55e+03)0(1.30e+03)
86:1(1.25e+03)0(8.27e+02)
87:1(6.90e+02)0(4.56e+02)
88:1(3.59e+02)0(2.29e+02)
89:0(3.17e+02)1(1.88e+02)
90:1(3.44e+03)0(1.95e+03)
91:1(1.31e+03)0(1.10e+03)
92:1(4.47e+03)0(1.78e+03)
93:0(1.00e+03)1(4.75e+02)
94:1(2.73e+02)0(2.25e+02)
95:0(3.78e+02)1(2.41e+02)
96:0(5.27e+02)1(4.60e+02)
97:0(8.83e+02)1(4.88e+02)
98:0(5.57e+02)1(3.13e+02)
99:0(3.18e+02)1(2.82e+02)
100:1(3.60e+02)0(2.27e+02)
101:1(3.52e+02)0(1.39e+02)
102:0(4.51e+02)1(3.19e+02)
103:0(2.75e+02)1(1.87e+02)
104:1(2.50e+02)0(2.33e+02)
105:1(3.41e+02)0(1.48e+02)
106:1(1.51e+02)0(1.01e+02)
107:0(1.68e+02)1(1.35e+02)
108:1(5.81e+02)0(5.74e+02)
109:0(3.80e+02)1(3.72e+02)
110:0(5.94e+02)1(4.77e+02)
111:1(9.41e+01)0(9.22e+01)
112:0(1.61e+02)1(1.41e+02)
113:1(1.90e+02)0(1.61e+02)
114:1(4.23e+02)0(4.01e+02)
115:0(1.53e+02)1(1.24e+02)
116:1(1.50e+02)0(8.37e+01)
117:1(1.74e+03)0(1.40e+03)
118:0(1.29e+03)1(7.36e+02)
119:0(6.58e+02)1(6.49e+02)
120:0(5.03e+02)1(4.62e+02)
121:0(5.78e+02)1(4.34e+02)
122:0(5.39e+02)1(4.05e+02)
123:1(5.80e+02)0(5.29e+02)
124:1(2.82e+02)0(2.24e+02)
125:0(3.42e+02)1(2.40e+02)
126:1(3.02e+02)0(1.53e+02)
127:1(5.80e+02)0(4.68e+02)
128:1(1.42e+03)0(5.74e+02)
129:1(4.72e+02)0(4.03e+02)
130:0(5.25e+02)1(4.99e+02)
131:1(5.70e+02)0(3.59e+02)
132:1(1.69e+02)0(1.49e+02)
133:0(6.08e+02)1(5.37e+02)
134:0(4.32e+02)1(2.66e+02)
135:1(6.83e+02)0(6.39e+02)
136:0(2.89e+02)1(2.72e+02)
137:0(1.96e+02)1(1.42e+02)
138:0(3.21e+02)1(2.51e+02)
139:0(3.18e+02)1(2.37e+02)
140:1(1.27e+02)0(1.10e+02)
141:1(3.50e+02)0(3.38e+02)
142:0(2.51e+02)1(1.93e+02)
143:1(6.65e+02)0(6.49e+02)
144:1(2.61e+02)0(1.78e+02)
145:0(3.77e+02)1(3.12e+02)
146:1(3.86e+02)0(2.13e+02)
147:1(3.22e+02)0(2.52e+02)
148:0(2.41e+02)1(1.64e+02)
149:0(3.68e+02)1(3.39e+02)
150:1(1.44e+02)0(1.14e+02)
151:0(1.21e+02)1(1.20e+02)
152:1(1.76e+02)0(1.38e+02)
153:1(3.28e+02)0(2.73e+02)
154:1(3.94e+02)0(2.99e+02)
155:1(3.10e+02)0(2.24e+02)
156:0(8.06e+02)1(7.34e+02)
157:0(7.00e+02)1(5.75e+02)
158:1(1.13e+03)0(6.88e+02)
159:1(3.70e+02)0(2.42e+02)
160:1(7.05e+02)0(5.08e+02)
161:1(3.30e+02)0(1.36e+02)
162:0(7.12e+02)1(6.75e+02)
163:1(1.12e+03)0(9.17e+02)
164:1(1.90e+03)0(1.82e+03)
165:0(1.48e+02)1(9.69e+01)
166:1(9.73e+02)0(4.54e+02)
167:1(4.05e+02)0(1.77e+02)
168:1(1.72e+02)0(1.51e+02)
169:1(1.82e+02)0(1.21e+02)
170:0(8.04e+02)1(7.80e+02)
171:0(1.63e+02)1(1.18e+02)
172:0(2.42e+02)1(1.71e+02)
173:0(3.16e+03)1(1.55e+03)
174:1(1.83e+02)0(1.02e+02)
175:0(1.63e+02)1(9.13e+01)
176:0(3.14e+02)1(1.58e+02)
177:1(2.02e+02)0(1.78e+02)
178:0(2.49e+02)1(1.66e+02)
179:0(2.10e+02)1(1.18e+02)
180:1(2.20e+02)0(2.19e+02)
181:1(5.31e+02)0(5.12e+02)
182:0(2.56e+02)1(9.38e+01)
183:0(3.03e+02)1(2.35e+02)
184:0(1.46e+03)1(9.80e+02)
185:0(1.47e+03)1(7.36e+02)
186:0(1.79e+03)1(3.25e+02)
187:0(5.79e+02)1(5.76e+02)
188:1(5.10e+02)0(3.67e+02)
189:0(1.10e+02)1(8.02e+01)
190:1(1.88e+02)0(1.84e+02)
191:0(5.83e+02)1(5.66e+02)
192:0(1.50e+02)1(7.41e+01)
193:0(2.53e+02)1(2.07e+02)
194:0(2.01e+02)1(1.19e+02)
195:1(3.57e+02)0(2.92e+02)
196:1(4.72e+02)0(4.29e+02)
197:1(3.66e+02)0(3.25e+02)
198:1(3.41e+02)0(2.63e+02)
199:1(1.38e+02)0(6.95e+01)
200:1(1.81e+02)0(1.02e+02)
201:1(7.13e+02)0(3.64e+02)
202:1(1.09e+03)0(1.09e+03)
203:1(1.40e+02)0(9.56e+01)
204:1(1.82e+02)0(1.58e+02)
205:0(3.41e+02)1(1.77e+02)
206:0(2.60e+02)1(2.38e+02)
207:1(2.49e+03)0(1.07e+03)
208:1(2.05e+02)0(1.56e+02)
209:0(4.32e+02)1(3.99e+02)
210:1(4.16e+02)0(3.13e+02)
211:0(6.84e+02)1(6.14e+02)
212:0(3.32e+02)1(2.82e+02)
213:1(9.99e+02)0(8.11e+02)
214:0(3.49e+02)1(1.45e+02)
215:1(5.42e+02)0(4.25e+02)
216:1(7.66e+02)0(7.60e+02)
217:1(7.43e+02)0(6.24e+02)
218:0(2.34e+03)1(1.43e+03)
219:1(2.49e+03)0(2.45e+03)
220:0(3.44e+02)1(2.62e+02)
221:1(4.45e+02)0(3.11e+02)
222:0(5.57e+02)1(4.61e+02)
223:1(2.06e+02)0(1.41e+02)
224:0(3.46e+02)1(3.33e+02)
225:0(4.44e+02)1(3.41e+02)
226:1(2.36e+02)0(2.17e+02)
227:0(6.40e+02)1(4.58e+02)
228:0(4.65e+02)1(2.68e+02)
229:0(2.84e+02)1(1.76e+02)
230:0(3.33e+02)1(3.15e+02)
231:1(4.15e+02)0(4.08e+02)
232:1(4.45e+02)0(4.12e+02)
233:1(1.40e+02)0(1.16e+02)
234:0(6.45e+02)1(4.79e+02)
235:1(2.19e+02)0(1.50e+02)
236:0(1.50e+02)1(1.12e+02)
237:1(1.37e+02)0(1.24e+02)
238:1(3.92e+02)0(3.65e+02)
239:1(1.36e+02)0(7.94e+01)
240:1(2.48e+02)0(2.20e+02)
241:0(3.74e+02)1(3.66e+02)
242:0(6.08e+02)1(3.68e+02)
243:0(1.00e+02)1(6.95e+01)
244:0(1.79e+02)1(1.60e+02)
245:0(2.64e+02)1(1.40e+02)
246:0(9.90e+01)1(7.69e+01)
247:1(1.94e+02)0(1.38e+02)
248:0(1.80e+02)1(6.87e+01)
249:0(1.58e+02)1(8.38e+01)
250:1(2.04e+02)0(1.62e+02)
251:1(5.11e+02)0(2.38e+02)
252:0(1.37e+03)1(6.52e+02)
253:0(1.66e+02)1(8.95e+01)
254:1(1.22e+03)0(1.04e+03)
255:1(1.94e+03)0(1.90e+03)
256:1(3.77e+02)0(2.79e+02)
257:1(1.38e+02)0(9.53e+01)
258:0(5.24e+02)1(3.38e+02)
259:1(3.88e+02)0(3.75e+02)
260:0(1.61e+02)1(1.51e+02)
261:1(2.34e+02)0(2.24e+02)
262:1(1.05e+03)0(1.02e+03)
263:0(8.21e+02)1(7.35e+02)
264:1(1.19e+02)0(1.15e+02)
265:0(1.75e+02)1(1.11e+02)
266:1(2.70e+02)0(2.40e+02)
267:1(3.49e+02)0(2.87e+02)
268:1(3.59e+02)0(2.29e+02)
269:0(3.17e+02)1(1.88e+02)
270:1(1.54e+02)0(8.05e+01)
271:1(1.32e+03)0(6.17e+02)
272:0(4.96e+02)1(3.08e+02)
273:1(9.86e+02)0(2.41e+02)
274:1(2.60e+02)0(1.97e+02)
275:1(1.63e+02)0(1.62e+02)
276:1(2.46e+02)0(1.57e+02)
277:1(6.43e+02)0(4.51e+02)
278:0(1.09e+02)1(9.54e+01)
279:1(3.32e+02)0(1.61e+02)
280:1(4.28e+02)0(1.95e+02)
281:0(4.61e+02)1(3.96e+02)
282:1(1.49e+02)0(1.45e+02)
283:0(1.21e+02)1(9.38e+01)
284:1(1.49e+02)0(1.23e+02)
285:0(1.28e+03)1(1.23e+03)
286:0(1.74e+03)1(3.69e+02)
287:0(1.00e+03)1(4.75e+02)
288:1(2.73e+02)0(2.25e+02)
289:0(3.78e+02)1(2.41e+02)
290:1(1.35e+02)0(7.31e+01)
291:0(2.79e+02)1(2.00e+02)
292:1(1.57e+02)0(1.43e+02)
293:1(3.22e+02)0(2.76e+02)
294:1(3.18e+02)0(2.19e+02)
295:0(1.32e+02)1(1.03e+02)
296:0(2.49e+02)1(1.19e+02)
297:0(1.45e+02)1(1.31e+02)
298:1(1.18e+02)0(1.10e+02)
299:0(3.18e+02)1(2.82e+02)
300:1(3.60e+02)0(2.27e+02)
301:1(3.52e+02)0(1.39e+02)
302:0(4.51e+02)1(3.19e+02)
303:0(2.75e+02)1(1.87e+02)
304:1(2.50e+02)0(2.33e+02)INFO: s3mixw_io.c(233): Wrote /Volumes/HDD/WEB/Flask/building_user_login_system/finish/ASRProject/model_parameters/iot.cd_cont_initial/mixture_weights [305x1x4 array]
INFO: s3gau_io.c(228): Wrote /Volumes/HDD/WEB/Flask/building_user_login_system/finish/ASRProject/model_parameters/iot.cd_cont_initial/means [305x1x4 array]
INFO: s3gau_io.c(228): Wrote /Volumes/HDD/WEB/Flask/building_user_login_system/finish/ASRProject/model_parameters/iot.cd_cont_initial/variances [305x1x4 array]

Mon Jun 29 00:04:36 2020
