Current configuration:
[NAME]		[DEFLT]	[VALUE]
-dcountfn		/Volumes/HDD/WEB/Flask/building_user_login_system/finish/ASRProject/model_parameters/iot.cd_cont_200/mixture_weights
-example	no	no
-fullvar	no	no
-help		no	no
-inmeanfn		/Volumes/HDD/WEB/Flask/building_user_login_system/finish/ASRProject/model_parameters/iot.cd_cont_200/means
-inmixwfn		/Volumes/HDD/WEB/Flask/building_user_login_system/finish/ASRProject/model_parameters/iot.cd_cont_200/mixture_weights
-invarfn		/Volumes/HDD/WEB/Flask/building_user_login_system/finish/ASRProject/model_parameters/iot.cd_cont_200/variances
-ninc		1	4
-outmeanfn		/Volumes/HDD/WEB/Flask/building_user_login_system/finish/ASRProject/model_parameters/iot.cd_cont_initial/means
-outmixwfn		/Volumes/HDD/WEB/Flask/building_user_login_system/finish/ASRProject/model_parameters/iot.cd_cont_initial/mixture_weights
-outvarfn		/Volumes/HDD/WEB/Flask/building_user_login_system/finish/ASRProject/model_parameters/iot.cd_cont_initial/variances

INFO: main.c(86): Reading mixing weight file /Volumes/HDD/WEB/Flask/building_user_login_system/finish/ASRProject/model_parameters/iot.cd_cont_200/mixture_weights.
INFO: s3mixw_io.c(117): Read /Volumes/HDD/WEB/Flask/building_user_login_system/finish/ASRProject/model_parameters/iot.cd_cont_200/mixture_weights [305x1x4 array]
INFO: s3gau_io.c(169): Read /Volumes/HDD/WEB/Flask/building_user_login_system/finish/ASRProject/model_parameters/iot.cd_cont_200/means [305x1x4 array]
INFO: s3gau_io.c(169): Read /Volumes/HDD/WEB/Flask/building_user_login_system/finish/ASRProject/model_parameters/iot.cd_cont_200/variances [305x1x4 array]
INFO: s3gau_io.c(553): Read /Volumes/HDD/WEB/Flask/building_user_login_system/finish/ASRProject/model_parameters/iot.cd_cont_200/mixture_weights [305x1x4 array]
INFO: main.c(151): output n_density == 8
0:2(1.86e+02)1(1.17e+02)3(1.16e+02)0(4.00e+01)
1:1(1.29e+02)0(4.91e+01)2(4.87e+01)3(4.56e+01)
2:1(1.02e+02)2(8.47e+01)0(8.12e+01)3(7.07e+01)
3:2(5.43e+03)1(1.57e+03)0(9.61e+02)3(6.08e+02)
4:1(1.20e+04)2(1.10e+04)3(4.11e+03)0(3.75e+03)
5:1(2.21e+04)2(1.61e+04)3(8.11e+03)0(7.82e+03)
6:3(3.47e+02)0(3.24e+02)1(2.75e+02)2(1.77e+02)
7:1(2.61e+02)2(1.86e+02)3(1.77e+02)0(1.38e+02)
8:2(4.21e+02)0(2.81e+02)3(2.39e+02)1(2.35e+02)
9:2(1.76e+02)1(1.52e+02)0(1.04e+02)3(1.01e+02)
10:1(4.57e+02)2(3.08e+02)3(1.98e+02)0(1.68e+02)
11:1(2.18e+02)3(1.53e+02)2(8.30e+01)0(6.43e+01)
12:1(1.06e+03)2(7.39e+02)3(6.22e+02)0(3.33e+02)
13:0(7.80e+02)2(5.00e+02)3(3.69e+02)1(3.04e+02)
14:2(4.00e+02)1(3.94e+02)0(3.09e+02)3(2.69e+02)
15:1(4.08e+02)2(2.99e+02)3(2.71e+02)0(2.11e+02)
16:1(8.59e+02)0(8.36e+02)3(6.47e+02)2(4.15e+02)
17:2(5.38e+02)3(4.39e+02)1(3.95e+02)0(2.24e+02)
18:2(1.11e+03)1(6.45e+02)0(5.42e+02)3(3.42e+02)
19:0(5.48e+02)3(5.14e+02)2(4.75e+02)1(4.31e+02)
20:2(3.75e+02)1(3.31e+02)3(2.55e+02)0(2.08e+02)
21:2(7.25e+02)0(4.45e+02)3(3.05e+02)1(2.65e+02)
22:1(3.60e+02)3(3.41e+02)2(3.22e+02)0(2.42e+02)
23:2(3.62e+02)1(2.28e+02)3(2.22e+02)0(2.19e+02)
24:0(4.54e+02)2(4.34e+02)3(3.59e+02)1(2.73e+02)
25:1(3.90e+02)0(2.90e+02)3(2.85e+02)2(2.79e+02)
26:1(4.81e+02)2(4.25e+02)3(3.45e+02)0(3.32e+02)
27:1(3.58e+02)0(3.26e+02)3(2.90e+02)2(2.57e+02)
28:0(2.61e+02)2(2.46e+02)3(2.29e+02)1(1.85e+02)
29:1(3.74e+02)2(2.45e+02)3(2.17e+02)0(1.40e+02)
30:0(7.62e+01)2(7.15e+01)3(6.48e+01)1(5.48e+01)
31:1(1.33e+02)3(9.64e+01)2(6.41e+01)0(5.96e+01)
32:2(1.70e+02)3(1.32e+02)1(1.26e+02)0(8.43e+01)
33:2(5.74e+02)1(5.25e+02)0(1.81e+02)3(1.08e+02)
34:0(8.57e+02)2(6.66e+02)3(6.51e+02)1(4.68e+02)
35:1(7.08e+02)2(6.25e+02)3(3.10e+02)0(2.42e+02)
36:2(1.87e+02)1(1.56e+02)3(1.35e+02)0(7.62e+01)
37:1(3.63e+02)3(1.90e+02)2(1.84e+02)0(1.82e+02)
38:2(4.56e+02)1(9.95e+01)3(7.78e+01)0(5.96e+01)
39:0(3.83e+02)1(3.71e+02)2(3.62e+02)3(2.99e+02)
40:2(7.02e+02)1(6.06e+02)3(5.08e+02)0(4.60e+02)
41:1(1.16e+03)3(9.88e+02)2(7.85e+02)0(7.24e+02)
42:0(1.08e+03)2(9.62e+02)3(5.68e+02)1(5.18e+02)
43:2(1.22e+03)1(7.76e+02)0(4.30e+02)3(3.05e+02)
44:1(2.62e+03)2(2.01e+03)0(4.67e+02)3(3.25e+02)
45:1(6.62e+02)0(5.68e+02)3(5.44e+02)2(4.94e+02)
46:0(7.66e+02)2(6.68e+02)3(3.82e+02)1(3.12e+02)
47:0(3.69e+03)2(3.08e+03)3(5.65e+02)1(4.48e+02)
48:1(1.28e+03)2(7.70e+02)3(5.66e+02)0(4.18e+02)
49:2(5.19e+02)0(4.99e+02)1(4.77e+02)3(4.48e+02)
50:2(9.73e+02)1(8.34e+02)0(6.96e+02)3(5.57e+02)
51:3(5.51e+02)2(4.72e+02)1(3.38e+02)0(2.75e+02)
52:1(1.17e+03)2(8.39e+02)3(5.52e+02)0(3.79e+02)
53:2(1.70e+03)1(1.65e+03)0(6.13e+02)3(5.39e+02)
54:2(3.89e+02)0(3.00e+02)3(2.74e+02)1(1.96e+02)
55:2(8.18e+02)1(6.56e+02)0(3.97e+02)3(2.30e+02)
56:2(1.05e+03)0(7.99e+02)1(2.85e+02)3(2.16e+02)
57:0(2.77e+02)2(1.50e+02)3(7.85e+01)1(5.61e+01)
58:2(4.10e+02)3(2.41e+02)0(2.18e+02)1(1.62e+02)
59:3(4.17e+02)1(3.74e+02)0(3.53e+02)2(3.07e+02)
60:1(5.42e+02)2(3.88e+02)3(3.85e+02)0(2.38e+02)
61:0(1.21e+03)2(1.20e+03)1(7.24e+02)3(5.04e+02)
62:3(1.46e+03)0(1.15e+03)1(1.13e+03)2(8.85e+02)
63:2(2.14e+02)0(1.42e+02)1(1.07e+02)3(5.34e+01)
64:2(2.53e+02)1(2.11e+02)0(1.67e+02)3(1.43e+02)
65:1(2.53e+02)2(2.49e+02)0(2.42e+02)3(2.11e+02)
66:1(1.19e+02)2(9.51e+01)3(9.40e+01)0(5.58e+01)
67:2(2.08e+02)3(1.61e+02)1(1.49e+02)0(1.10e+02)
68:2(2.63e+02)0(2.03e+02)3(1.66e+02)1(1.65e+02)
69:1(1.43e+02)3(1.14e+02)2(1.12e+02)0(8.76e+01)
70:0(3.16e+02)1(3.00e+02)2(2.36e+02)3(1.99e+02)
71:2(2.79e+02)0(2.54e+02)1(1.11e+02)3(1.10e+02)
72:2(1.53e+02)0(1.25e+02)3(1.02e+02)1(6.74e+01)
73:1(2.65e+02)2(1.35e+02)0(1.31e+02)3(1.04e+02)
74:3(2.71e+02)1(2.39e+02)2(1.68e+02)0(1.49e+02)
75:3(2.96e+02)0(2.74e+02)2(2.72e+02)1(2.65e+02)
76:2(7.48e+02)1(3.43e+02)0(3.34e+02)3(2.89e+02)
77:2(4.05e+02)0(3.23e+02)1(2.66e+02)3(2.38e+02)
78:1(6.99e+02)0(6.34e+02)2(4.69e+02)3(2.51e+02)
79:1(4.11e+02)3(3.31e+02)0(2.33e+02)2(1.55e+02)
80:1(3.03e+02)2(2.47e+02)0(1.26e+02)3(7.04e+01)
81:1(4.63e+02)2(3.60e+02)3(3.58e+02)0(2.03e+02)
82:2(1.03e+03)0(9.56e+02)1(4.45e+02)3(2.78e+02)
83:1(2.72e+03)2(1.97e+03)0(9.99e+02)3(7.47e+02)
84:0(6.27e+02)2(5.76e+02)3(3.99e+02)1(3.73e+02)
85:1(8.70e+02)2(6.32e+02)0(6.15e+02)3(6.03e+02)
86:2(8.74e+02)1(7.84e+02)0(3.94e+02)3(2.74e+02)
87:2(3.29e+02)1(2.99e+02)3(2.81e+02)0(1.85e+02)
88:1(2.18e+02)2(1.76e+02)3(1.08e+02)0(1.06e+02)
89:2(1.53e+02)0(1.50e+02)1(1.15e+02)3(1.02e+02)
90:2(2.50e+03)3(1.98e+03)1(1.87e+03)0(9.12e+02)
91:2(7.32e+02)1(6.27e+02)0(6.22e+02)3(6.03e+02)
92:1(2.76e+03)2(2.11e+03)3(9.87e+02)0(9.02e+02)
93:0(7.70e+02)2(4.80e+02)1(3.07e+02)3(2.18e+02)
94:2(1.45e+02)1(1.28e+02)3(1.16e+02)0(6.03e+01)
95:2(2.24e+02)0(1.83e+02)1(1.13e+02)3(1.09e+02)
96:2(3.19e+02)0(2.64e+02)1(2.39e+02)3(1.99e+02)
97:2(6.03e+02)0(2.83e+02)3(2.73e+02)1(1.78e+02)
98:2(3.11e+02)0(2.76e+02)1(2.70e+02)3(9.98e+01)
99:2(2.21e+02)0(1.78e+02)3(1.42e+02)1(1.11e+02)
100:2(2.61e+02)0(1.24e+02)1(1.21e+02)3(7.85e+01)
101:2(2.03e+02)1(1.49e+02)3(9.63e+01)0(4.17e+01)
102:0(2.61e+02)2(2.17e+02)3(2.16e+02)1(6.62e+01)
103:0(1.64e+02)2(1.30e+02)3(1.21e+02)1(7.81e+01)
104:2(1.79e+02)3(1.51e+02)0(1.47e+02)1(6.49e+01)
105:2(1.86e+02)1(1.17e+02)3(1.16e+02)0(4.00e+01)
106:1(1.29e+02)0(4.91e+01)2(4.87e+01)3(4.56e+01)
107:1(1.02e+02)2(8.47e+01)0(8.12e+01)3(7.07e+01)
108:3(3.47e+02)0(3.24e+02)1(2.75e+02)2(1.77e+02)
109:1(2.61e+02)2(1.86e+02)3(1.77e+02)0(1.38e+02)
110:2(4.21e+02)0(2.81e+02)3(2.39e+02)1(2.35e+02)
111:1(6.60e+01)3(5.81e+01)0(5.53e+01)2(3.33e+01)
112:1(1.20e+02)2(7.57e+01)3(7.48e+01)0(5.04e+01)
113:1(1.17e+02)0(8.96e+01)2(6.31e+01)3(5.69e+01)
114:1(2.57e+02)3(2.30e+02)2(2.03e+02)0(1.14e+02)
115:2(9.77e+01)0(8.76e+01)1(7.01e+01)3(3.89e+01)
116:1(9.58e+01)2(6.20e+01)0(3.41e+01)3(3.30e+01)
117:1(1.06e+03)2(7.39e+02)3(6.22e+02)0(3.33e+02)
118:0(7.80e+02)2(5.00e+02)3(3.69e+02)1(3.04e+02)
119:2(4.00e+02)1(3.94e+02)0(3.09e+02)3(2.69e+02)
120:1(4.08e+02)2(2.99e+02)3(2.71e+02)0(2.11e+02)
121:2(3.18e+02)0(2.78e+02)1(2.08e+02)3(1.32e+02)
122:0(3.16e+02)3(2.16e+02)1(1.65e+02)2(1.45e+02)
123:3(3.55e+02)1(2.59e+02)2(2.07e+02)0(1.57e+02)
124:2(1.62e+02)1(1.38e+02)0(1.22e+02)3(8.87e+01)
125:3(1.70e+02)2(1.46e+02)1(1.38e+02)0(1.33e+02)
126:1(1.68e+02)2(1.49e+02)3(1.14e+02)0(6.77e+01)
127:3(2.91e+02)0(2.45e+02)1(2.25e+02)2(1.89e+02)
128:2(6.58e+02)3(3.71e+02)1(3.36e+02)0(3.24e+02)
129:2(2.39e+02)0(2.38e+02)3(2.37e+02)1(1.86e+02)
130:2(3.18e+02)0(2.96e+02)1(2.32e+02)3(2.21e+02)
131:2(3.08e+02)1(2.59e+02)3(1.68e+02)0(1.29e+02)
132:3(1.01e+02)1(8.24e+01)0(6.74e+01)2(5.38e+01)
133:1(3.62e+02)0(3.43e+02)2(2.03e+02)3(1.78e+02)
134:0(2.24e+02)2(1.86e+02)1(1.48e+02)3(9.65e+01)
135:1(3.60e+02)3(3.41e+02)2(3.22e+02)0(2.42e+02)
136:2(2.50e+02)1(1.62e+02)3(1.49e+02)0(1.04e+02)
137:2(1.26e+02)0(8.47e+01)1(7.95e+01)3(7.61e+01)
138:2(1.69e+02)0(1.66e+02)3(1.57e+02)1(1.52e+02)
139:0(2.25e+02)1(1.59e+02)3(1.28e+02)2(1.19e+02)
140:1(8.08e+01)0(5.74e+01)2(5.40e+01)3(5.22e+01)
141:1(2.66e+02)3(2.19e+02)0(1.88e+02)2(1.24e+02)
142:2(1.59e+02)1(1.23e+02)3(1.02e+02)0(6.37e+01)
143:1(3.08e+02)3(3.08e+02)0(2.86e+02)2(2.47e+02)
144:3(1.41e+02)1(1.03e+02)2(1.01e+02)0(8.95e+01)
145:0(2.18e+02)2(1.90e+02)3(1.84e+02)1(1.54e+02)
146:1(1.80e+02)2(1.20e+02)0(1.13e+02)3(7.15e+01)
147:3(1.67e+02)1(1.66e+02)2(1.20e+02)0(1.10e+02)
148:2(1.04e+02)0(9.92e+01)1(9.08e+01)3(6.46e+01)
149:2(2.05e+02)1(1.94e+02)0(1.65e+02)3(1.32e+02)
150:1(8.14e+01)2(8.08e+01)3(7.40e+01)0(4.40e+01)
151:0(7.62e+01)2(7.15e+01)3(6.48e+01)1(5.48e+01)
152:1(1.33e+02)3(9.64e+01)2(6.41e+01)0(5.96e+01)
153:2(1.70e+02)3(1.32e+02)1(1.26e+02)0(8.43e+01)
154:2(2.79e+02)3(2.05e+02)1(1.35e+02)0(1.32e+02)
155:2(2.25e+02)0(1.67e+02)1(1.36e+02)3(1.08e+02)
156:0(4.44e+02)2(4.26e+02)1(2.96e+02)3(2.76e+02)
157:1(3.62e+02)0(3.37e+02)2(2.83e+02)3(2.18e+02)
158:1(7.08e+02)2(6.25e+02)3(3.10e+02)0(2.42e+02)
159:2(1.87e+02)1(1.56e+02)3(1.35e+02)0(7.62e+01)
160:1(3.63e+02)3(1.90e+02)2(1.84e+02)0(1.82e+02)
161:2(4.56e+02)1(9.95e+01)3(7.78e+01)0(5.96e+01)
162:0(3.83e+02)1(3.71e+02)2(3.62e+02)3(2.99e+02)
163:2(7.02e+02)1(6.06e+02)3(5.08e+02)0(4.60e+02)
164:1(1.16e+03)3(9.88e+02)2(7.85e+02)0(7.24e+02)
165:2(9.60e+01)3(7.17e+01)1(6.39e+01)0(3.84e+01)
166:2(5.65e+02)1(5.49e+02)3(2.78e+02)0(2.10e+02)
167:1(8.92e+02)2(1.61e+02)3(1.44e+02)0(5.68e+01)
168:1(1.01e+02)3(8.90e+01)2(6.88e+01)0(4.89e+01)
169:2(1.49e+02)3(1.18e+02)0(6.09e+01)1(6.01e+01)
170:2(7.67e+02)1(6.37e+02)3(3.89e+02)0(2.41e+02)
171:0(1.10e+02)2(6.49e+01)3(5.38e+01)1(4.64e+01)
172:0(1.56e+02)2(1.19e+02)3(9.83e+01)1(9.41e+01)
173:2(1.90e+03)0(1.60e+03)1(7.04e+02)3(4.84e+02)
174:1(1.22e+02)3(7.34e+01)2(4.95e+01)0(4.05e+01)
175:2(8.44e+01)0(7.13e+01)1(5.86e+01)3(5.79e+01)
176:2(2.06e+02)0(1.12e+02)1(9.90e+01)3(4.44e+01)
177:2(1.36e+02)1(1.16e+02)3(1.11e+02)0(4.11e+01)
178:2(1.47e+02)0(1.39e+02)3(9.65e+01)1(9.64e+01)
179:0(1.08e+02)1(1.06e+02)2(9.42e+01)3(5.65e+01)
180:3(1.27e+02)2(1.20e+02)1(1.14e+02)0(1.05e+02)
181:3(4.57e+02)1(2.85e+02)2(2.61e+02)0(2.38e+02)
182:0(1.68e+02)2(1.35e+02)1(7.27e+01)3(4.47e+01)
183:0(2.66e+02)2(1.87e+02)1(1.56e+02)3(1.03e+02)
184:2(8.94e+02)0(6.40e+02)1(4.71e+02)3(3.53e+02)
185:2(8.04e+02)0(7.18e+02)1(4.69e+02)3(3.85e+02)
186:0(9.86e+02)2(8.58e+02)1(4.02e+02)3(9.19e+01)
187:2(5.61e+02)3(3.37e+02)0(2.55e+02)1(1.64e+02)
188:1(5.95e+02)3(2.04e+02)2(2.02e+02)0(1.56e+02)
189:2(6.82e+01)0(4.83e+01)1(4.23e+01)3(3.91e+01)
190:1(1.04e+02)3(9.14e+01)2(8.32e+01)0(8.28e+01)
191:2(3.45e+02)3(3.30e+02)0(2.82e+02)1(2.59e+02)
192:2(1.03e+02)0(8.20e+01)1(6.53e+01)3(2.58e+01)
193:2(1.46e+02)0(1.35e+02)1(9.06e+01)3(7.88e+01)
194:2(9.69e+01)0(9.08e+01)1(5.29e+01)3(4.35e+01)
195:2(1.98e+02)3(1.78e+02)1(1.54e+02)0(1.19e+02)
196:2(2.77e+02)0(1.89e+02)1(1.78e+02)3(1.69e+02)
197:3(2.32e+02)1(2.30e+02)0(1.32e+02)2(9.00e+01)
198:1(2.26e+02)2(1.75e+02)3(1.26e+02)0(1.02e+02)
199:1(7.29e+01)2(5.97e+01)0(3.76e+01)3(3.75e+01)
200:2(9.84e+01)1(7.82e+01)3(5.85e+01)0(3.39e+01)
201:1(4.70e+02)2(4.12e+02)0(1.64e+02)3(1.15e+02)
202:2(6.33e+02)1(5.92e+02)3(5.70e+02)0(5.47e+02)
203:1(8.70e+01)2(6.95e+01)3(5.30e+01)0(3.50e+01)
204:1(1.01e+02)3(9.28e+01)0(8.29e+01)2(7.63e+01)
205:2(2.18e+02)0(1.64e+02)3(1.05e+02)1(6.26e+01)
206:2(1.57e+02)1(1.45e+02)3(1.27e+02)0(8.00e+01)
207:1(1.20e+03)2(9.87e+02)3(7.45e+02)0(5.07e+02)
208:3(9.62e+01)2(9.51e+01)1(9.22e+01)0(5.01e+01)
209:1(2.32e+02)0(2.31e+02)3(1.86e+02)2(1.77e+02)
210:1(3.23e+02)2(1.77e+02)3(1.76e+02)0(6.09e+01)
211:2(4.68e+02)1(3.26e+02)0(2.94e+02)3(2.75e+02)
212:0(1.94e+02)1(1.92e+02)2(1.33e+02)3(8.81e+01)
213:3(5.91e+02)1(5.69e+02)2(3.54e+02)0(2.27e+02)
214:0(2.77e+02)2(1.50e+02)3(7.85e+01)1(5.61e+01)
215:2(4.10e+02)3(2.41e+02)0(2.18e+02)1(1.62e+02)
216:3(4.17e+02)1(3.74e+02)0(3.53e+02)2(3.07e+02)
217:1(5.42e+02)2(3.88e+02)3(3.85e+02)0(2.38e+02)
218:0(1.21e+03)2(1.20e+03)1(7.24e+02)3(5.04e+02)
219:3(1.46e+03)0(1.15e+03)1(1.13e+03)2(8.85e+02)
220:2(2.14e+02)0(1.42e+02)1(1.07e+02)3(5.34e+01)
221:2(2.53e+02)1(2.11e+02)0(1.67e+02)3(1.43e+02)
222:1(2.53e+02)2(2.49e+02)0(2.42e+02)3(2.11e+02)
223:1(1.19e+02)2(9.51e+01)3(9.40e+01)0(5.58e+01)
224:2(2.08e+02)3(1.61e+02)1(1.49e+02)0(1.10e+02)
225:2(2.63e+02)0(2.03e+02)3(1.66e+02)1(1.65e+02)
226:1(1.43e+02)3(1.14e+02)2(1.12e+02)0(8.76e+01)
227:0(3.16e+02)1(3.00e+02)2(2.36e+02)3(1.99e+02)
228:2(2.79e+02)0(2.54e+02)1(1.11e+02)3(1.10e+02)
229:2(1.53e+02)0(1.25e+02)3(1.02e+02)1(6.74e+01)
230:1(2.65e+02)2(1.35e+02)0(1.31e+02)3(1.04e+02)
231:3(2.71e+02)1(2.39e+02)2(1.68e+02)0(1.49e+02)
232:2(2.46e+02)0(2.11e+02)3(2.02e+02)1(1.98e+02)
233:1(8.19e+01)3(5.95e+01)2(5.95e+01)0(4.91e+01)
234:0(4.67e+02)1(2.44e+02)2(2.39e+02)3(1.74e+02)
235:2(1.16e+02)1(1.01e+02)3(8.32e+01)0(4.34e+01)
236:2(1.06e+02)3(6.08e+01)0(5.66e+01)1(2.39e+01)
237:1(8.39e+01)0(8.18e+01)2(6.65e+01)3(6.26e+01)
238:3(1.93e+02)2(1.86e+02)0(1.69e+02)1(1.69e+02)
239:1(7.28e+01)2(5.86e+01)0(4.64e+01)3(4.13e+01)
240:2(1.59e+02)3(1.24e+02)0(1.03e+02)1(7.35e+01)
241:1(2.62e+02)0(1.87e+02)2(1.50e+02)3(1.29e+02)
242:2(2.92e+02)0(2.67e+02)1(1.55e+02)3(1.51e+02)
243:2(8.28e+01)1(5.06e+01)3(3.53e+01)0(3.28e+01)
244:1(1.27e+02)0(1.10e+02)2(1.01e+02)3(6.76e+01)
245:2(2.81e+02)0(1.15e+02)3(7.27e+01)1(5.45e+01)
246:2(5.36e+01)3(4.73e+01)0(4.26e+01)1(3.44e+01)
247:0(1.16e+02)3(9.50e+01)1(9.27e+01)2(6.16e+01)
248:2(9.72e+01)0(4.30e+01)1(3.52e+01)3(2.71e+01)
249:2(1.07e+02)0(5.01e+01)1(3.52e+01)3(3.51e+01)
250:2(1.18e+02)3(1.03e+02)1(8.87e+01)0(8.10e+01)
251:1(2.56e+02)2(2.22e+02)3(1.97e+02)0(9.22e+01)
252:2(9.48e+02)0(8.69e+02)1(4.25e+02)3(2.19e+02)
253:0(9.59e+01)2(6.83e+01)1(4.61e+01)3(3.52e+01)
254:1(7.15e+02)3(5.45e+02)2(5.32e+02)0(4.15e+02)
255:1(1.10e+03)3(1.03e+03)2(7.62e+02)0(6.52e+02)
256:1(2.64e+02)2(1.86e+02)0(1.27e+02)3(1.18e+02)
257:2(7.99e+01)1(7.46e+01)0(5.19e+01)3(3.99e+01)
258:2(4.02e+02)0(2.52e+02)3(1.49e+02)1(1.30e+02)
259:1(2.79e+02)3(1.91e+02)0(1.67e+02)2(1.58e+02)
260:2(9.08e+01)0(7.26e+01)3(6.40e+01)1(6.15e+01)
261:1(1.58e+02)0(1.02e+02)3(9.39e+01)2(8.60e+01)
262:1(6.30e+02)0(4.80e+02)3(4.49e+02)2(4.33e+02)
263:0(5.02e+02)1(4.59e+02)2(4.49e+02)3(3.79e+02)
264:2(6.50e+01)1(6.05e+01)0(5.88e+01)3(5.03e+01)
265:2(1.04e+02)0(1.01e+02)3(5.81e+01)1(4.07e+01)
266:3(1.45e+02)1(1.43e+02)2(1.07e+02)0(1.02e+02)
267:3(1.56e+02)2(1.55e+02)1(1.52e+02)0(1.34e+02)
268:1(2.18e+02)2(1.76e+02)3(1.08e+02)0(1.06e+02)
269:2(1.53e+02)0(1.50e+02)1(1.15e+02)3(1.02e+02)
270:2(8.54e+01)1(7.89e+01)3(4.61e+01)0(3.46e+01)
271:2(1.26e+03)1(6.70e+02)3(5.67e+02)0(3.10e+02)
272:0(2.96e+02)2(2.50e+02)3(1.73e+02)1(1.49e+02)
273:1(1.20e+03)2(4.37e+02)3(2.17e+02)0(9.20e+01)
274:2(2.16e+02)1(1.91e+02)3(1.30e+02)0(9.53e+01)
275:3(1.49e+02)0(8.73e+01)1(5.66e+01)2(4.77e+01)
276:2(1.34e+02)3(1.21e+02)1(8.26e+01)0(7.71e+01)
277:1(4.07e+02)2(3.20e+02)3(1.65e+02)0(1.57e+02)
278:0(6.24e+01)1(5.87e+01)2(4.79e+01)3(4.01e+01)
279:1(2.12e+02)2(1.60e+02)3(9.21e+01)0(6.13e+01)
280:1(2.89e+02)2(1.92e+02)3(1.84e+02)0(1.36e+02)
281:2(3.35e+02)1(2.20e+02)3(2.19e+02)0(1.58e+02)
282:2(1.01e+02)3(8.25e+01)1(6.56e+01)0(5.02e+01)
283:0(9.69e+01)3(5.25e+01)1(5.07e+01)2(4.15e+01)
284:1(1.01e+02)0(6.82e+01)2(5.64e+01)3(3.94e+01)
285:2(9.92e+02)1(5.53e+02)0(5.28e+02)3(5.18e+02)
286:0(9.12e+02)2(8.24e+02)1(4.14e+02)3(2.88e+02)
287:0(7.70e+02)2(4.80e+02)1(3.07e+02)3(2.18e+02)
288:2(1.45e+02)1(1.28e+02)3(1.16e+02)0(6.03e+01)
289:2(2.24e+02)0(1.83e+02)1(1.13e+02)3(1.09e+02)
290:1(6.81e+01)2(6.30e+01)3(5.29e+01)0(3.51e+01)
291:0(1.44e+02)1(1.21e+02)2(1.08e+02)3(9.53e+01)
292:3(1.01e+02)1(9.76e+01)0(7.94e+01)2(5.54e+01)
293:1(2.18e+02)2(1.75e+02)3(1.05e+02)0(9.56e+01)
294:2(1.66e+02)1(1.40e+02)3(1.03e+02)0(8.67e+01)
295:0(7.91e+01)3(6.73e+01)2(6.06e+01)1(4.20e+01)
296:2(1.67e+02)0(1.35e+02)3(5.14e+01)1(4.73e+01)
297:2(9.14e+01)1(8.59e+01)0(8.07e+01)3(6.58e+01)
298:1(7.90e+01)3(5.78e+01)0(4.98e+01)2(4.57e+01)
299:2(2.21e+02)0(1.78e+02)3(1.42e+02)1(1.11e+02)
300:2(2.61e+02)0(1.24e+02)1(1.21e+02)3(7.85e+01)
301:2(2.03e+02)1(1.49e+02)3(9.63e+01)0(4.17e+01)
302:0(2.61e+02)2(2.17e+02)3(2.16e+02)1(6.62e+01)
303:0(1.64e+02)2(1.30e+02)3(1.21e+02)1(7.81e+01)
304:2(1.79e+02)3(1.51e+02)0(1.47e+02)1(6.49e+01)INFO: s3mixw_io.c(233): Wrote /Volumes/HDD/WEB/Flask/building_user_login_system/finish/ASRProject/model_parameters/iot.cd_cont_initial/mixture_weights [305x1x8 array]
INFO: s3gau_io.c(228): Wrote /Volumes/HDD/WEB/Flask/building_user_login_system/finish/ASRProject/model_parameters/iot.cd_cont_initial/means [305x1x8 array]
INFO: s3gau_io.c(228): Wrote /Volumes/HDD/WEB/Flask/building_user_login_system/finish/ASRProject/model_parameters/iot.cd_cont_initial/variances [305x1x8 array]

Mon Jun 29 00:05:12 2020
