Current configuration:
[NAME]		[DEFLT]	[VALUE]
-dcountfn		/Volumes/HDD/WEB/Flask/building_user_login_system/finish/ASRProject/model_parameters/iot.cd_cont_200/mixture_weights
-example	no	no
-fullvar	no	no
-help		no	no
-inmeanfn		/Volumes/HDD/WEB/Flask/building_user_login_system/finish/ASRProject/model_parameters/iot.cd_cont_200/means
-inmixwfn		/Volumes/HDD/WEB/Flask/building_user_login_system/finish/ASRProject/model_parameters/iot.cd_cont_200/mixture_weights
-invarfn		/Volumes/HDD/WEB/Flask/building_user_login_system/finish/ASRProject/model_parameters/iot.cd_cont_200/variances
-ninc		1	1
-outmeanfn		/Volumes/HDD/WEB/Flask/building_user_login_system/finish/ASRProject/model_parameters/iot.cd_cont_initial/means
-outmixwfn		/Volumes/HDD/WEB/Flask/building_user_login_system/finish/ASRProject/model_parameters/iot.cd_cont_initial/mixture_weights
-outvarfn		/Volumes/HDD/WEB/Flask/building_user_login_system/finish/ASRProject/model_parameters/iot.cd_cont_initial/variances

INFO: main.c(86): Reading mixing weight file /Volumes/HDD/WEB/Flask/building_user_login_system/finish/ASRProject/model_parameters/iot.cd_cont_200/mixture_weights.
INFO: s3mixw_io.c(117): Read /Volumes/HDD/WEB/Flask/building_user_login_system/finish/ASRProject/model_parameters/iot.cd_cont_200/mixture_weights [305x1x1 array]
INFO: s3gau_io.c(169): Read /Volumes/HDD/WEB/Flask/building_user_login_system/finish/ASRProject/model_parameters/iot.cd_cont_200/means [305x1x1 array]
INFO: s3gau_io.c(169): Read /Volumes/HDD/WEB/Flask/building_user_login_system/finish/ASRProject/model_parameters/iot.cd_cont_200/variances [305x1x1 array]
INFO: s3gau_io.c(553): Read /Volumes/HDD/WEB/Flask/building_user_login_system/finish/ASRProject/model_parameters/iot.cd_cont_200/mixture_weights [305x1x1 array]
INFO: main.c(151): output n_density == 2
0:0(3.76e+02)
1:0(2.88e+02)
2:0(3.25e+02)
3:0(7.19e+03)
4:0(2.49e+04)
5:0(8.23e+04)
6:0(1.14e+03)
7:0(7.25e+02)
8:0(1.03e+03)
9:0(4.60e+02)
10:0(1.18e+03)
11:0(5.85e+02)
12:0(4.16e+03)
13:0(1.71e+03)
14:0(1.08e+03)
15:0(1.04e+03)
16:0(3.10e+03)
17:0(1.51e+03)
18:0(3.14e+03)
19:0(1.84e+03)
20:0(1.33e+03)
21:0(2.21e+03)
22:0(1.35e+03)
23:0(8.36e+02)
24:0(1.48e+03)
25:0(1.25e+03)
26:0(1.82e+03)
27:0(1.34e+03)
28:0(8.85e+02)
29:0(8.19e+02)
30:0(1.83e+02)
31:0(3.01e+02)
32:0(8.43e+02)
33:0(1.05e+03)
34:0(3.13e+03)
35:0(1.66e+03)
36:0(6.91e+02)
37:0(1.43e+03)
38:0(5.20e+02)
39:0(1.29e+03)
40:0(1.82e+03)
41:0(3.78e+03)
42:0(1.79e+03)
43:0(1.57e+03)
44:0(3.21e+03)
45:0(1.72e+03)
46:0(1.07e+03)
47:0(3.41e+03)
48:0(2.77e+03)
49:0(1.69e+03)
50:0(3.10e+03)
51:0(1.43e+03)
52:0(1.56e+03)
53:0(3.90e+03)
54:0(1.26e+03)
55:0(1.81e+03)
56:0(2.51e+03)
57:0(4.41e+02)
58:0(9.82e+02)
59:0(1.61e+03)
60:0(1.26e+03)
61:0(3.31e+03)
62:0(5.14e+03)
63:0(5.85e+02)
64:0(8.44e+02)
65:0(1.01e+03)
66:0(3.71e+02)
67:0(7.58e+02)
68:0(7.06e+02)
69:0(4.76e+02)
70:0(1.14e+03)
71:0(7.19e+02)
72:0(5.10e+02)
73:0(6.82e+02)
74:0(8.54e+02)
75:0(1.01e+03)
76:0(1.79e+03)
77:0(1.24e+03)
78:0(2.31e+03)
79:0(7.73e+02)
80:0(7.31e+02)
81:0(1.22e+03)
82:0(1.97e+03)
83:0(7.10e+03)
84:0(2.07e+03)
85:0(2.72e+03)
86:0(1.99e+03)
87:0(1.34e+03)
88:0(5.87e+02)
89:0(4.38e+02)
90:0(4.29e+03)
91:0(1.89e+03)
92:0(2.04e+03)
93:0(7.54e+02)
94:0(5.30e+02)
95:0(6.69e+02)
96:0(9.30e+02)
97:0(1.35e+03)
98:0(8.94e+02)
99:0(6.00e+02)
100:0(5.92e+02)
101:0(5.59e+02)
102:0(6.93e+02)
103:0(4.65e+02)
104:0(4.31e+02)
105:0(3.76e+02)
106:0(2.88e+02)
107:0(3.25e+02)
108:0(1.14e+03)
109:0(7.25e+02)
110:0(1.03e+03)
111:0(1.64e+02)
112:0(2.96e+02)
113:0(3.39e+02)
114:0(8.39e+02)
115:0(2.93e+02)
116:0(2.92e+02)
117:0(4.16e+03)
118:0(1.71e+03)
119:0(1.08e+03)
120:0(1.04e+03)
121:0(9.62e+02)
122:0(9.49e+02)
123:0(1.19e+03)
124:0(5.63e+02)
125:0(5.64e+02)
126:0(3.88e+02)
127:0(1.06e+03)
128:0(2.08e+03)
129:0(8.58e+02)
130:0(9.78e+02)
131:0(1.02e+03)
132:0(3.16e+02)
133:0(1.37e+03)
134:0(8.38e+02)
135:0(1.35e+03)
136:0(5.69e+02)
137:0(2.67e+02)
138:0(5.84e+02)
139:0(6.69e+02)
140:0(2.27e+02)
141:0(8.33e+02)
142:0(4.16e+02)
143:0(1.36e+03)
144:0(4.54e+02)
145:0(6.79e+02)
146:0(6.63e+02)
147:0(5.54e+02)
148:0(3.31e+02)
149:0(6.05e+02)
150:0(2.14e+02)
151:0(1.83e+02)
152:0(3.01e+02)
153:0(8.43e+02)
154:0(6.46e+02)
155:0(4.01e+02)
156:0(1.77e+03)
157:0(1.36e+03)
158:0(1.66e+03)
159:0(6.91e+02)
160:0(1.43e+03)
161:0(5.20e+02)
162:0(1.29e+03)
163:0(1.82e+03)
164:0(3.78e+03)
165:0(2.39e+02)
166:0(1.11e+03)
167:0(4.43e+02)
168:0(3.03e+02)
169:0(2.46e+02)
170:0(1.02e+03)
171:0(3.17e+02)
172:0(3.96e+02)
173:0(2.50e+03)
174:0(2.48e+02)
175:0(1.79e+02)
176:0(3.61e+02)
177:0(3.03e+02)
178:0(3.63e+02)
179:0(2.65e+02)
180:0(3.97e+02)
181:0(4.81e+02)
182:0(1.92e+02)
183:0(4.64e+02)
184:0(1.12e+03)
185:0(8.66e+02)
186:0(9.61e+02)
187:0(1.32e+03)
188:0(9.79e+02)
189:0(1.52e+02)
190:0(3.12e+02)
191:0(1.04e+03)
192:0(1.66e+02)
193:0(4.79e+02)
194:0(3.72e+02)
195:0(6.16e+02)
196:0(8.96e+02)
197:0(7.28e+02)
198:0(4.88e+02)
199:0(2.45e+02)
200:0(3.21e+02)
201:0(8.63e+02)
202:0(1.01e+03)
203:0(2.38e+02)
204:0(3.08e+02)
205:0(5.19e+02)
206:0(4.71e+02)
207:0(2.91e+03)
208:0(4.26e+02)
209:0(8.37e+02)
210:0(6.84e+02)
211:0(1.13e+03)
212:0(6.25e+02)
213:0(1.89e+03)
214:0(4.41e+02)
215:0(9.82e+02)
216:0(1.61e+03)
217:0(1.26e+03)
218:0(3.31e+03)
219:0(5.14e+03)
220:0(5.85e+02)
221:0(8.44e+02)
222:0(1.01e+03)
223:0(3.71e+02)
224:0(7.58e+02)
225:0(7.06e+02)
226:0(4.76e+02)
227:0(1.14e+03)
228:0(7.19e+02)
229:0(5.10e+02)
230:0(6.82e+02)
231:0(8.54e+02)
232:0(7.81e+02)
233:0(2.29e+02)
234:0(1.10e+03)
235:0(4.34e+02)
236:0(2.63e+02)
237:0(2.34e+02)
238:0(7.79e+02)
239:0(2.28e+02)
240:0(4.39e+02)
241:0(7.28e+02)
242:0(1.14e+03)
243:0(1.82e+02)
244:0(2.90e+02)
245:0(3.01e+02)
246:0(1.68e+02)
247:0(2.51e+02)
248:0(3.12e+02)
249:0(2.46e+02)
250:0(2.66e+02)
251:0(7.03e+02)
252:0(1.64e+03)
253:0(3.25e+02)
254:0(2.45e+03)
255:0(4.04e+03)
256:0(6.03e+02)
257:0(2.37e+02)
258:0(1.05e+03)
259:0(7.87e+02)
260:0(3.87e+02)
261:0(4.56e+02)
262:0(1.88e+03)
263:0(1.50e+03)
264:0(2.55e+02)
265:0(2.36e+02)
266:0(6.20e+02)
267:0(7.17e+02)
268:0(5.87e+02)
269:0(4.38e+02)
270:0(2.31e+02)
271:0(1.48e+03)
272:0(8.20e+02)
273:0(6.21e+02)
274:0(3.60e+02)
275:0(3.90e+02)
276:0(3.92e+02)
277:0(9.53e+02)
278:0(1.91e+02)
279:0(4.01e+02)
280:0(3.43e+02)
281:0(7.38e+02)
282:0(2.51e+02)
283:0(1.69e+02)
284:0(2.24e+02)
285:0(3.23e+02)
286:0(3.36e+02)
287:0(7.54e+02)
288:0(5.30e+02)
289:0(6.69e+02)
290:0(1.68e+02)
291:0(3.88e+02)
292:0(3.74e+02)
293:0(6.15e+02)
294:0(5.16e+02)
295:0(2.14e+02)
296:0(3.98e+02)
297:0(2.68e+02)
298:0(2.29e+02)
299:0(6.00e+02)
300:0(5.92e+02)
301:0(5.59e+02)
302:0(6.93e+02)
303:0(4.65e+02)
304:0(4.31e+02)INFO: s3mixw_io.c(233): Wrote /Volumes/HDD/WEB/Flask/building_user_login_system/finish/ASRProject/model_parameters/iot.cd_cont_initial/mixture_weights [305x1x2 array]
INFO: s3gau_io.c(228): Wrote /Volumes/HDD/WEB/Flask/building_user_login_system/finish/ASRProject/model_parameters/iot.cd_cont_initial/means [305x1x2 array]
INFO: s3gau_io.c(228): Wrote /Volumes/HDD/WEB/Flask/building_user_login_system/finish/ASRProject/model_parameters/iot.cd_cont_initial/variances [305x1x2 array]

Mon Jun 29 00:04:12 2020
