Current configuration:
[NAME]		[DEFLT]	[VALUE]
-accumdir		/Volumes/HDD/WEB/Flask/building_user_login_system/finish/ASRProject/bwaccumdir/iot_buff_1,
-constE		3.0	3.000000e+00
-dcountfn		
-example	no	no
-fullvar	no	no
-help		no	no
-inmeanfn		
-inmixwfn		
-invarfn		
-meanfn			/Volumes/HDD/WEB/Flask/building_user_login_system/finish/ASRProject/model_parameters/iot.cd_cont_untied/means
-mixwfn			/Volumes/HDD/WEB/Flask/building_user_login_system/finish/ASRProject/model_parameters/iot.cd_cont_untied/mixture_weights
-mmie		no	no
-oaccumdir		
-regmatfn		
-tiedvar	no	no
-tmatfn			/Volumes/HDD/WEB/Flask/building_user_login_system/finish/ASRProject/model_parameters/iot.cd_cont_untied/transition_matrices
-varfn			/Volumes/HDD/WEB/Flask/building_user_login_system/finish/ASRProject/model_parameters/iot.cd_cont_untied/variances

INFO: main.c(207): Reading and accumulating counts from /Volumes/HDD/WEB/Flask/building_user_login_system/finish/ASRProject/bwaccumdir/iot_buff_1
INFO: s3mixw_io.c(117): Read /Volumes/HDD/WEB/Flask/building_user_login_system/finish/ASRProject/bwaccumdir/iot_buff_1/mixw_counts [336x1x1 array]
INFO: s3tmat_io.c(118): Read /Volumes/HDD/WEB/Flask/building_user_login_system/finish/ASRProject/bwaccumdir/iot_buff_1/tmat_counts [35x3x4 array]
INFO: s3gau_io.c(386): Read /Volumes/HDD/WEB/Flask/building_user_login_system/finish/ASRProject/bwaccumdir/iot_buff_1/gauden_counts with means with vars (2pass) [336x1x1 vector arrays]
INFO: main.c(321): -2passvar yes
INFO: main.c(391): Normalizing mean for n_mgau= 336, n_stream= 1, n_density= 1
INFO: main.c(414): Normalizing var
INFO: s3mixw_io.c(233): Wrote /Volumes/HDD/WEB/Flask/building_user_login_system/finish/ASRProject/model_parameters/iot.cd_cont_untied/mixture_weights [336x1x1 array]
INFO: s3tmat_io.c(176): Wrote /Volumes/HDD/WEB/Flask/building_user_login_system/finish/ASRProject/model_parameters/iot.cd_cont_untied/transition_matrices [35x3x4 array]
INFO: s3gau_io.c(228): Wrote /Volumes/HDD/WEB/Flask/building_user_login_system/finish/ASRProject/model_parameters/iot.cd_cont_untied/means [336x1x1 array]
INFO: s3gau_io.c(228): Wrote /Volumes/HDD/WEB/Flask/building_user_login_system/finish/ASRProject/model_parameters/iot.cd_cont_untied/variances [336x1x1 array]
Mon Jun 29 00:03:47 2020
Current Overall Likelihood Per Frame = -142.528410584586
Convergence ratio = 0.425238663932191
