Current configuration:
[NAME]		[DEFLT]	[VALUE]
-dictfn			/Volumes/HDD/WEB/Flask/building_user_login_system/finish/ASRProject/etc/iot.dic
-example	no	no
-fdictfn		/Volumes/HDD/WEB/Flask/building_user_login_system/finish/ASRProject/etc/iot.filler
-help		no	no
-ignorewpos	no	no
-inCDmdef		
-inCImdef		
-lsnfn			/Volumes/HDD/WEB/Flask/building_user_login_system/finish/ASRProject/etc/iot_train.transcription
-maxtriphones	100000	100000
-minocc		1	1
-n_state_pm	3	3
-oalltphnmdef		
-ocimdef		
-ocountfn		
-ountiedmdef		/Volumes/HDD/WEB/Flask/building_user_login_system/finish/ASRProject/model_architecture/iot.untied.mdef
-phnlstfn		/Volumes/HDD/WEB/Flask/building_user_login_system/finish/ASRProject/etc/iot.phone
-triphnlstfn		

INFO: main.c(95): Will write untied mdef file /Volumes/HDD/WEB/Flask/building_user_login_system/finish/ASRProject/model_architecture/iot.untied.mdef
INFO: mk_mdef_gen.c(189): 0 single word triphones in input phone list
INFO: mk_mdef_gen.c(190): 0 word beginning triphones in input phone list
INFO: mk_mdef_gen.c(191): 0 word internal triphones in input phone list
INFO: mk_mdef_gen.c(192): 0 word ending triphones in input phone list
INFO: mk_mdef_gen.c(280): Reading dict /Volumes/HDD/WEB/Flask/building_user_login_system/finish/ASRProject/etc/iot.dic
INFO: mk_mdef_gen.c(322): 20 words in dict /Volumes/HDD/WEB/Flask/building_user_login_system/finish/ASRProject/etc/iot.dic
INFO: mk_mdef_gen.c(280): Reading dict /Volumes/HDD/WEB/Flask/building_user_login_system/finish/ASRProject/etc/iot.filler
INFO: mk_mdef_gen.c(322): 3 words in dict /Volumes/HDD/WEB/Flask/building_user_login_system/finish/ASRProject/etc/iot.filler
INFO: mk_mdef_gen.c(442): 23 words in dictionary
INFO: mk_mdef_gen.c(443): 0 unique single word triphones in dictionary
INFO: mk_mdef_gen.c(444): 160 unique word beginning triphones in dictionary
INFO: mk_mdef_gen.c(445): 47 unique word internal triphones in dictionary
INFO: mk_mdef_gen.c(446): 154 unique word ending triphones in dictionary
INFO: mk_mdef_gen.c(479): Out of vocabulary words in transcript will be mapped to SIL!
INFO: mk_mdef_gen.c(593): 8080 words in transcripts
INFO: mk_mdef_gen.c(594): 0 single word triphones in transcripts
INFO: mk_mdef_gen.c(595): 2020 word beginning triphones in transcripts
INFO: mk_mdef_gen.c(596): 5757 word internal triphones in transcripts
INFO: mk_mdef_gen.c(597): 2020 word ending triphones in transcripts
INFO: mk_mdef_gen.c(640): 9797 triphones extracted from transcripts
INFO: mk_mdef_gen.c(641): 77 unique triphones extracted from transcripts
INFO: mk_mdef_gen.c(642): 0 triphones occur once in the transcripts
INFO: mk_mdef_gen.c(643): 0 triphones occur twice in the transcripts
INFO: mk_mdef_gen.c(644): 0 triphones occur thrice in the transcripts
INFO: mk_mdef_gen.c(645): The rest of the triphones occur more than three times
INFO: mk_mdef_gen.c(646): Count threshold is 1
INFO: mk_mdef_gen.c(897): 35 n_base, 77 n_tri
INFO: mk_mdef_gen.c(969): Wrote mdef file /Volumes/HDD/WEB/Flask/building_user_login_system/finish/ASRProject/model_architecture/iot.untied.mdef
Mon Jun 29 00:03:41 2020
