Current configuration:
[NAME]		[DEFLT]	[VALUE]
-dest_meanfn		/Volumes/HDD/WEB/Flask/building_user_login_system/finish/ASRProject/model_parameters/iot.cd_cont_untied/means
-dest_mixwfn		/Volumes/HDD/WEB/Flask/building_user_login_system/finish/ASRProject/model_parameters/iot.cd_cont_untied/mixture_weights
-dest_moddeffn		/Volumes/HDD/WEB/Flask/building_user_login_system/finish/ASRProject/model_architecture/iot.untied.mdef
-dest_tmatfn		/Volumes/HDD/WEB/Flask/building_user_login_system/finish/ASRProject/model_parameters/iot.cd_cont_untied/transition_matrices
-dest_ts2cbfn		.cont.
-dest_varfn		/Volumes/HDD/WEB/Flask/building_user_login_system/finish/ASRProject/model_parameters/iot.cd_cont_untied/variances
-example	no	no
-fullvar	no	no
-help		no	no
-src_meanfn		/Volumes/HDD/WEB/Flask/building_user_login_system/finish/ASRProject/model_parameters/iot.ci_cont/means
-src_mixwfn		/Volumes/HDD/WEB/Flask/building_user_login_system/finish/ASRProject/model_parameters/iot.ci_cont/mixture_weights
-src_moddeffn		/Volumes/HDD/WEB/Flask/building_user_login_system/finish/ASRProject/model_architecture/iot.ci.mdef
-src_tmatfn		/Volumes/HDD/WEB/Flask/building_user_login_system/finish/ASRProject/model_parameters/iot.ci_cont/transition_matrices
-src_ts2cbfn		.cont.
-src_varfn		/Volumes/HDD/WEB/Flask/building_user_login_system/finish/ASRProject/model_parameters/iot.ci_cont/variances

INFO: main.c(261): Reading src /Volumes/HDD/WEB/Flask/building_user_login_system/finish/ASRProject/model_architecture/iot.ci.mdef
INFO: model_def_io.c(573): Model definition info:
INFO: model_def_io.c(574): 35 total models defined (35 base, 0 tri)
INFO: model_def_io.c(575): 140 total states
INFO: model_def_io.c(576): 105 total tied states
INFO: model_def_io.c(577): 105 total tied CI states
INFO: model_def_io.c(578): 35 total tied transition matrices
INFO: model_def_io.c(579): 4 max state/model
INFO: model_def_io.c(580): 4 min state/model
INFO: main.c(278): Generating continous ts2cb mapping
INFO: main.c(299): Reading src /Volumes/HDD/WEB/Flask/building_user_login_system/finish/ASRProject/model_parameters/iot.ci_cont/mixture_weights
INFO: s3mixw_io.c(117): Read /Volumes/HDD/WEB/Flask/building_user_login_system/finish/ASRProject/model_parameters/iot.ci_cont/mixture_weights [105x1x1 array]
INFO: main.c(309): Reading src /Volumes/HDD/WEB/Flask/building_user_login_system/finish/ASRProject/model_parameters/iot.ci_cont/transition_matrices
INFO: s3tmat_io.c(118): Read /Volumes/HDD/WEB/Flask/building_user_login_system/finish/ASRProject/model_parameters/iot.ci_cont/transition_matrices [35x3x4 array]
INFO: main.c(318): Reading src /Volumes/HDD/WEB/Flask/building_user_login_system/finish/ASRProject/model_parameters/iot.ci_cont/means
INFO: s3gau_io.c(169): Read /Volumes/HDD/WEB/Flask/building_user_login_system/finish/ASRProject/model_parameters/iot.ci_cont/means [105x1x1 array]
INFO: main.c(342): Reading src /Volumes/HDD/WEB/Flask/building_user_login_system/finish/ASRProject/model_parameters/iot.ci_cont/variances
INFO: s3gau_io.c(169): Read /Volumes/HDD/WEB/Flask/building_user_login_system/finish/ASRProject/model_parameters/iot.ci_cont/variances [105x1x1 array]
INFO: main.c(391): Reading dest /Volumes/HDD/WEB/Flask/building_user_login_system/finish/ASRProject/model_architecture/iot.untied.mdef
INFO: model_def_io.c(573): Model definition info:
INFO: model_def_io.c(574): 112 total models defined (35 base, 77 tri)
INFO: model_def_io.c(575): 448 total states
INFO: model_def_io.c(576): 336 total tied states
INFO: model_def_io.c(577): 105 total tied CI states
INFO: model_def_io.c(578): 35 total tied transition matrices
INFO: model_def_io.c(579): 4 max state/model
INFO: model_def_io.c(580): 4 min state/model
INFO: main.c(407): Generating continous ts2cb mapping
INFO: main.c(431): Calculating initial model parameters
INFO: main.c(439): Alloc 35x3x4 dest tmat
INFO: main.c(450): Alloc 336x1x1 dest mixw
INFO: main.c(463): Alloc 336x1x1 dest mean and var
         ? <- ?         : [tm     0 +=     0]
[mx     0(0) +=     0] [mg     0(0) <-     0] [mx     1(1) +=     1] [mg     1(1) <-     1] [mx     2(2) +=     2] [mg     2(2) <-     2] 
       SIL <- SIL       : [tm     1 +=     1]
[mx     3(0) +=     3] [mg     3(0) <-     3] [mx     4(1) +=     4] [mg     4(1) <-     4] [mx     5(2) +=     5] [mg     5(2) <-     5] 
         a <- a         : [tm     2 +=     2]
[mx     6(0) +=     6] [mg     6(0) <-     6] [mx     7(1) +=     7] [mg     7(1) <-     7] [mx     8(2) +=     8] [mg     8(2) <-     8] 
        ak <- ak        : [tm     3 +=     3]
[mx     9(0) +=     9] [mg     9(0) <-     9] [mx    10(1) +=    10] [mg    10(1) <-    10] [mx    11(2) +=    11] [mg    11(2) <-    11] 
        ao <- ao        : [tm     4 +=     4]
[mx    12(0) +=    12] [mg    12(0) <-    12] [mx    13(1) +=    13] [mg    13(1) <-    13] [mx    14(2) +=    14] [mg    14(2) <-    14] 
        av <- av        : [tm     5 +=     5]
[mx    15(0) +=    15] [mg    15(0) <-    15] [mx    16(1) +=    16] [mg    16(1) <-    16] [mx    17(2) +=    17] [mg    17(2) <-    17] 
         b <- b         : [tm     6 +=     6]
[mx    18(0) +=    18] [mg    18(0) <-    18] [mx    19(1) +=    19] [mg    19(1) <-    19] [mx    20(2) +=    20] [mg    20(2) <-    20] 
         c <- c         : [tm     7 +=     7]
[mx    21(0) +=    21] [mg    21(0) <-    21] [mx    22(1) +=    22] [mg    22(1) <-    22] [mx    23(2) +=    23] [mg    23(2) <-    23] 
        ch <- ch        : [tm     8 +=     8]
[mx    24(0) +=    24] [mg    24(0) <-    24] [mx    25(1) +=    25] [mg    25(1) <-    25] [mx    26(2) +=    26] [mg    26(2) <-    26] 
         d <- d         : [tm     9 +=     9]
[mx    27(0) +=    27] [mg    27(0) <-    27] [mx    28(1) +=    28] [mg    28(1) <-    28] [mx    29(2) +=    29] [mg    29(2) <-    29] 
         e <- e         : [tm    10 +=    10]
[mx    30(0) +=    30] [mg    30(0) <-    30] [mx    31(1) +=    31] [mg    31(1) <-    31] [mx    32(2) +=    32] [mg    32(2) <-    32] 
        ee <- ee        : [tm    11 +=    11]
[mx    33(0) +=    33] [mg    33(0) <-    33] [mx    34(1) +=    34] [mg    34(1) <-    34] [mx    35(2) +=    35] [mg    35(2) <-    35] 
        eu <- eu        : [tm    12 +=    12]
[mx    36(0) +=    36] [mg    36(0) <-    36] [mx    37(1) +=    37] [mg    37(1) <-    37] [mx    38(2) +=    38] [mg    38(2) <-    38] 
         h <- h         : [tm    13 +=    13]
[mx    39(0) +=    39] [mg    39(0) <-    39] [mx    40(1) +=    40] [mg    40(1) <-    40] [mx    41(2) +=    41] [mg    41(2) <-    41] 
         j <- j         : [tm    14 +=    14]
[mx    42(0) +=    42] [mg    42(0) <-    42] [mx    43(1) +=    43] [mg    43(1) <-    43] [mx    44(2) +=    44] [mg    44(2) <-    44] 
         k <- k         : [tm    15 +=    15]
[mx    45(0) +=    45] [mg    45(0) <-    45] [mx    46(1) +=    46] [mg    46(1) <-    46] [mx    47(2) +=    47] [mg    47(2) <-    47] 
         l <- l         : [tm    16 +=    16]
[mx    48(0) +=    48] [mg    48(0) <-    48] [mx    49(1) +=    49] [mg    49(1) <-    49] [mx    50(2) +=    50] [mg    50(2) <-    50] 
         m <- m         : [tm    17 +=    17]
[mx    51(0) +=    51] [mg    51(0) <-    51] [mx    52(1) +=    52] [mg    52(1) <-    52] [mx    53(2) +=    53] [mg    53(2) <-    53] 
         n <- n         : [tm    18 +=    18]
[mx    54(0) +=    54] [mg    54(0) <-    54] [mx    55(1) +=    55] [mg    55(1) <-    55] [mx    56(2) +=    56] [mg    56(2) <-    56] 
        ng <- ng        : [tm    19 +=    19]
[mx    57(0) +=    57] [mg    57(0) <-    57] [mx    58(1) +=    58] [mg    58(1) <-    58] [mx    59(2) +=    59] [mg    59(2) <-    59] 
        nh <- nh        : [tm    20 +=    20]
[mx    60(0) +=    60] [mg    60(0) <-    60] [mx    61(1) +=    61] [mg    61(1) <-    61] [mx    62(2) +=    62] [mg    62(2) <-    62] 
         o <- o         : [tm    21 +=    21]
[mx    63(0) +=    63] [mg    63(0) <-    63] [mx    64(1) +=    64] [mg    64(1) <-    64] [mx    65(2) +=    65] [mg    65(2) <-    65] 
       oar <- oar       : [tm    22 +=    22]
[mx    66(0) +=    66] [mg    66(0) <-    66] [mx    67(1) +=    67] [mg    67(1) <-    67] [mx    68(2) +=    68] [mg    68(2) <-    68] 
       oeu <- oeu       : [tm    23 +=    23]
[mx    69(0) +=    69] [mg    69(0) <-    69] [mx    70(1) +=    70] [mg    70(1) <-    70] [mx    71(2) +=    71] [mg    71(2) <-    71] 
      oeur <- oeur      : [tm    24 +=    24]
[mx    72(0) +=    72] [mg    72(0) <-    72] [mx    73(1) +=    73] [mg    73(1) <-    73] [mx    74(2) +=    74] [mg    74(2) <-    74] 
        ok <- ok        : [tm    25 +=    25]
[mx    75(0) +=    75] [mg    75(0) <-    75] [mx    76(1) +=    76] [mg    76(1) <-    76] [mx    77(2) +=    77] [mg    77(2) <-    77] 
        or <- or        : [tm    26 +=    26]
[mx    78(0) +=    78] [mg    78(0) <-    78] [mx    79(1) +=    79] [mg    79(1) <-    79] [mx    80(2) +=    80] [mg    80(2) <-    80] 
         p <- p         : [tm    27 +=    27]
[mx    81(0) +=    81] [mg    81(0) <-    81] [mx    82(1) +=    82] [mg    82(1) <-    82] [mx    83(2) +=    83] [mg    83(2) <-    83] 
         r <- r         : [tm    28 +=    28]
[mx    84(0) +=    84] [mg    84(0) <-    84] [mx    85(1) +=    85] [mg    85(1) <-    85] [mx    86(2) +=    86] [mg    86(2) <-    86] 
         s <- s         : [tm    29 +=    29]
[mx    87(0) +=    87] [mg    87(0) <-    87] [mx    88(1) +=    88] [mg    88(1) <-    88] [mx    89(2) +=    89] [mg    89(2) <-    89] 
         t <- t         : [tm    30 +=    30]
[mx    90(0) +=    90] [mg    90(0) <-    90] [mx    91(1) +=    91] [mg    91(1) <-    91] [mx    92(2) +=    92] [mg    92(2) <-    92] 
        th <- th        : [tm    31 +=    31]
[mx    93(0) +=    93] [mg    93(0) <-    93] [mx    94(1) +=    94] [mg    94(1) <-    94] [mx    95(2) +=    95] [mg    95(2) <-    95] 
         u <- u         : [tm    32 +=    32]
[mx    96(0) +=    96] [mg    96(0) <-    96] [mx    97(1) +=    97] [mg    97(1) <-    97] [mx    98(2) +=    98] [mg    98(2) <-    98] 
       uer <- uer       : [tm    33 +=    33]
[mx    99(0) +=    99] [mg    99(0) <-    99] [mx   100(1) +=   100] [mg   100(1) <-   100] [mx   101(2) +=   101] [mg   101(2) <-   101] 
         v <- v         : [tm    34 +=    34]
[mx   102(0) +=   102] [mg   102(0) <-   102] [mx   103(1) +=   103] [mg   103(1) <-   103] [mx   104(2) +=   104] [mg   104(2) <-   104] 
  ? ak c i <- ?         : [mx   105(0) +=     0] [mg   105(0) <-     0] [mx   106(1) +=     1] [mg   106(1) <-     1] [mx   107(2) +=     2] [mg   107(2) <-     2] 
   a d m i <- a         : [mx   108(0) +=     6] [mg   108(0) <-     6] [mx   109(1) +=     7] [mg   109(1) <-     7] [mx   110(2) +=     8] [mg   110(2) <-     8] 
  ak c p i <- ak        : [mx   111(0) +=     9] [mg   111(0) <-     9] [mx   112(1) +=    10] [mg   112(1) <-    10] [mx   113(2) +=    11] [mg   113(2) <-    11] 
  ak d ? i <- ak        : [mx   114(0) +=     9] [mg   114(0) <-     9] [mx   115(1) +=    10] [mg   115(1) <-    10] [mx   116(2) +=    11] [mg   116(2) <-    11] 
  ao r j i <- ao        : [mx   117(0) +=    12] [mg   117(0) <-    12] [mx   118(1) +=    13] [mg   118(1) <-    13] [mx   119(2) +=    14] [mg   119(2) <-    14] 
 av t ch i <- av        : [mx   120(0) +=    15] [mg   120(0) <-    15] [mx   121(1) +=    16] [mg   121(1) <-    16] [mx   122(2) +=    17] [mg   122(2) <-    17] 
  av t m i <- av        : [mx   123(0) +=    15] [mg   123(0) <-    15] [mx   124(1) +=    16] [mg   124(1) <-    16] [mx   125(2) +=    17] [mg   125(2) <-    17] 
  av t s i <- av        : [mx   126(0) +=    15] [mg   126(0) <-    15] [mx   127(1) +=    16] [mg   127(1) <-    16] [mx   128(2) +=    17] [mg   128(2) <-    17] 
 b SIL e b <- b         : [mx   129(0) +=    18] [mg   129(0) <-    18] [mx   130(1) +=    19] [mg   130(1) <-    19] [mx   131(2) +=    20] [mg   131(2) <-    20] 
b SIL oeu b <- b         : [mx   132(0) +=    18] [mg   132(0) <-    18] [mx   133(1) +=    19] [mg   133(1) <-    19] [mx   134(2) +=    20] [mg   134(2) <-    20] 
b SIL ok b <- b         : [mx   135(0) +=    18] [mg   135(0) <-    18] [mx   136(1) +=    19] [mg   136(1) <-    19] [mx   137(2) +=    20] [mg   137(2) <-    20] 
   c ? o i <- c         : [mx   138(0) +=    21] [mg   138(0) <-    21] [mx   139(1) +=    22] [mg   139(1) <-    22] [mx   140(2) +=    23] [mg   140(2) <-    23] 
c SIL ak b <- c         : [mx   141(0) +=    21] [mg   141(0) <-    21] [mx   142(1) +=    22] [mg   142(1) <-    22] [mx   143(2) +=    23] [mg   143(2) <-    23] 
 c SIL o b <- c         : [mx   144(0) +=    21] [mg   144(0) <-    21] [mx   145(1) +=    22] [mg   145(1) <-    22] [mx   146(2) +=    23] [mg   146(2) <-    23] 
ch SIL u b <- ch        : [mx   147(0) +=    24] [mg   147(0) <-    24] [mx   148(1) +=    25] [mg   148(1) <-    25] [mx   149(2) +=    26] [mg   149(2) <-    26] 
 ch av v i <- ch        : [mx   150(0) +=    24] [mg   150(0) <-    24] [mx   151(1) +=    25] [mg   151(1) <-    25] [mx   152(2) +=    26] [mg   152(2) <-    26] 
  ch t v i <- ch        : [mx   153(0) +=    24] [mg   153(0) <-    24] [mx   154(1) +=    25] [mg   154(1) <-    25] [mx   155(2) +=    26] [mg   155(2) <-    26] 
d SIL ak b <- d         : [mx   156(0) +=    27] [mg   156(0) <-    27] [mx   157(1) +=    28] [mg   157(1) <-    28] [mx   158(2) +=    29] [mg   158(2) <-    29] 
   d s a i <- d         : [mx   159(0) +=    27] [mg   159(0) <-    27] [mx   160(1) +=    28] [mg   160(1) <-    28] [mx   161(2) +=    29] [mg   161(2) <-    29] 
   e b t i <- e         : [mx   162(0) +=    30] [mg   162(0) <-    30] [mx   163(1) +=    31] [mg   163(1) <-    31] [mx   164(2) +=    32] [mg   164(2) <-    32] 
 ee l nh i <- ee        : [mx   165(0) +=    33] [mg   165(0) <-    33] [mx   166(1) +=    34] [mg   166(1) <-    34] [mx   167(2) +=    35] [mg   167(2) <-    35] 
 ee v nh i <- ee        : [mx   168(0) +=    33] [mg   168(0) <-    33] [mx   169(1) +=    34] [mg   169(1) <-    34] [mx   170(2) +=    35] [mg   170(2) <-    35] 
  eu j t i <- eu        : [mx   171(0) +=    36] [mg   171(0) <-    36] [mx   172(1) +=    37] [mg   172(1) <-    37] [mx   173(2) +=    38] [mg   173(2) <-    38] 
 h o SIL e <- h         : [mx   174(0) +=    39] [mg   174(0) <-    39] [mx   175(1) +=    40] [mg   175(1) <-    40] [mx   176(2) +=    41] [mg   176(2) <-    41] 
j SIL eu b <- j         : [mx   177(0) +=    42] [mg   177(0) <-    42] [mx   178(1) +=    43] [mg   178(1) <-    43] [mx   179(2) +=    44] [mg   179(2) <-    44] 
j ao SIL e <- j         : [mx   180(0) +=    42] [mg   180(0) <-    42] [mx   181(1) +=    43] [mg   181(1) <-    43] [mx   182(2) +=    44] [mg   182(2) <-    44] 
  j or k i <- j         : [mx   183(0) +=    42] [mg   183(0) <-    42] [mx   184(1) +=    43] [mg   184(1) <-    43] [mx   185(2) +=    44] [mg   185(2) <-    44] 
 k SIL r b <- k         : [mx   186(0) +=    45] [mg   186(0) <-    45] [mx   187(1) +=    46] [mg   187(1) <-    46] [mx   188(2) +=    47] [mg   188(2) <-    47] 
   k j r i <- k         : [mx   189(0) +=    45] [mg   189(0) <-    45] [mx   190(1) +=    46] [mg   190(1) <-    46] [mx   191(2) +=    47] [mg   191(2) <-    47] 
k oeu SIL e <- k         : [mx   192(0) +=    45] [mg   192(0) <-    45] [mx   193(1) +=    46] [mg   193(1) <-    46] [mx   194(2) +=    47] [mg   194(2) <-    47] 
   k p r i <- k         : [mx   195(0) +=    45] [mg   195(0) <-    45] [mx   196(1) +=    46] [mg   196(1) <-    46] [mx   197(2) +=    47] [mg   197(2) <-    47] 
 k u SIL e <- k         : [mx   198(0) +=    45] [mg   198(0) <-    45] [mx   199(1) +=    46] [mg   199(1) <-    46] [mx   200(2) +=    47] [mg   200(2) <-    47] 
k uer SIL e <- k         : [mx   201(0) +=    45] [mg   201(0) <-    45] [mx   202(1) +=    46] [mg   202(1) <-    46] [mx   203(2) +=    47] [mg   203(2) <-    47] 
l SIL ee b <- l         : [mx   204(0) +=    48] [mg   204(0) <-    48] [mx   205(1) +=    49] [mg   205(1) <-    49] [mx   206(2) +=    50] [mg   206(2) <-    50] 
l SIL oeur b <- l         : [mx   207(0) +=    48] [mg   207(0) <-    48] [mx   208(1) +=    49] [mg   208(1) <-    49] [mx   209(2) +=    50] [mg   209(2) <-    50] 
l SIL uer b <- l         : [mx   210(0) +=    48] [mg   210(0) <-    48] [mx   211(1) +=    49] [mg   211(1) <-    49] [mx   212(2) +=    50] [mg   212(2) <-    50] 
  l m or i <- l         : [mx   213(0) +=    48] [mg   213(0) <-    48] [mx   214(1) +=    49] [mg   214(1) <-    49] [mx   215(2) +=    50] [mg   215(2) <-    50] 
 l or ok i <- l         : [mx   216(0) +=    48] [mg   216(0) <-    48] [mx   217(1) +=    49] [mg   217(1) <-    49] [mx   218(2) +=    50] [mg   218(2) <-    50] 
 m a SIL e <- m         : [mx   219(0) +=    51] [mg   219(0) <-    51] [mx   220(1) +=    52] [mg   220(1) <-    52] [mx   221(2) +=    53] [mg   221(2) <-    53] 
  m av u i <- m         : [mx   222(0) +=    51] [mg   222(0) <-    51] [mx   223(1) +=    52] [mg   223(1) <-    52] [mx   224(2) +=    53] [mg   224(2) <-    53] 
   m u l i <- m         : [mx   225(0) +=    51] [mg   225(0) <-    51] [mx   226(1) +=    52] [mg   226(1) <-    52] [mx   227(2) +=    53] [mg   227(2) <-    53] 
n oeur SIL e <- n         : [mx   228(0) +=    54] [mg   228(0) <-    54] [mx   229(1) +=    55] [mg   229(1) <-    55] [mx   230(2) +=    56] [mg   230(2) <-    56] 
  n ok t i <- n         : [mx   231(0) +=    54] [mg   231(0) <-    54] [mx   232(1) +=    55] [mg   232(1) <-    55] [mx   233(2) +=    56] [mg   233(2) <-    56] 
ng or SIL e <- ng        : [mx   234(0) +=    57] [mg   234(0) <-    57] [mx   235(1) +=    58] [mg   235(1) <-    58] [mx   236(2) +=    59] [mg   236(2) <-    59] 
nh ee SIL e <- nh        : [mx   237(0) +=    60] [mg   237(0) <-    60] [mx   238(1) +=    61] [mg   238(1) <-    61] [mx   239(2) +=    62] [mg   239(2) <-    62] 
   o c h i <- o         : [mx   240(0) +=    63] [mg   240(0) <-    63] [mx   241(1) +=    64] [mg   241(1) <-    64] [mx   242(2) +=    65] [mg   242(2) <-    65] 
 oar t p i <- oar       : [mx   243(0) +=    66] [mg   243(0) <-    66] [mx   244(1) +=    67] [mg   244(1) <-    67] [mx   245(2) +=    68] [mg   245(2) <-    68] 
 oeu b k i <- oeu       : [mx   246(0) +=    69] [mg   246(0) <-    69] [mx   247(1) +=    70] [mg   247(1) <-    70] [mx   248(2) +=    71] [mg   248(2) <-    71] 
oeur l n i <- oeur      : [mx   249(0) +=    72] [mg   249(0) <-    72] [mx   250(1) +=    73] [mg   250(1) <-    73] [mx   251(2) +=    74] [mg   251(2) <-    74] 
  ok b n i <- ok        : [mx   252(0) +=    75] [mg   252(0) <-    75] [mx   253(1) +=    76] [mg   253(1) <-    76] [mx   254(2) +=    77] [mg   254(2) <-    77] 
  ok b t i <- ok        : [mx   255(0) +=    75] [mg   255(0) <-    75] [mx   256(1) +=    76] [mg   256(1) <-    76] [mx   257(2) +=    77] [mg   257(2) <-    77] 
  ok l p i <- ok        : [mx   258(0) +=    75] [mg   258(0) <-    75] [mx   259(1) +=    76] [mg   259(1) <-    76] [mx   260(2) +=    77] [mg   260(2) <-    77] 
 or l ng i <- or        : [mx   261(0) +=    78] [mg   261(0) <-    78] [mx   262(1) +=    79] [mg   262(1) <-    79] [mx   263(2) +=    80] [mg   263(2) <-    80] 
  or r l i <- or        : [mx   264(0) +=    78] [mg   264(0) <-    78] [mx   265(1) +=    79] [mg   265(1) <-    79] [mx   266(2) +=    80] [mg   266(2) <-    80] 
 or th j i <- or        : [mx   267(0) +=    78] [mg   267(0) <-    78] [mx   268(1) +=    79] [mg   268(1) <-    79] [mx   269(2) +=    80] [mg   269(2) <-    80] 
p ak SIL e <- p         : [mx   270(0) +=    81] [mg   270(0) <-    81] [mx   271(1) +=    82] [mg   271(1) <-    82] [mx   272(2) +=    83] [mg   272(2) <-    83] 
p oar SIL e <- p         : [mx   273(0) +=    81] [mg   273(0) <-    81] [mx   274(1) +=    82] [mg   274(1) <-    82] [mx   275(2) +=    83] [mg   275(2) <-    83] 
  p ok k i <- p         : [mx   276(0) +=    81] [mg   276(0) <-    81] [mx   277(1) +=    82] [mg   277(1) <-    82] [mx   278(2) +=    83] [mg   278(2) <-    83] 
 p u SIL e <- p         : [mx   279(0) +=    81] [mg   279(0) <-    81] [mx   280(1) +=    82] [mg   280(1) <-    82] [mx   281(2) +=    83] [mg   281(2) <-    83] 
 r SIL u b <- r         : [mx   282(0) +=    84] [mg   282(0) <-    84] [mx   283(1) +=    85] [mg   283(1) <-    85] [mx   284(2) +=    86] [mg   284(2) <-    86] 
  r k ao i <- r         : [mx   285(0) +=    84] [mg   285(0) <-    84] [mx   286(1) +=    85] [mg   286(1) <-    85] [mx   287(2) +=    86] [mg   287(2) <-    86] 
  r t or i <- r         : [mx   288(0) +=    84] [mg   288(0) <-    84] [mx   289(1) +=    85] [mg   289(1) <-    85] [mx   290(2) +=    86] [mg   290(2) <-    86] 
  s av d i <- s         : [mx   291(0) +=    87] [mg   291(0) <-    87] [mx   292(1) +=    88] [mg   292(1) <-    88] [mx   293(2) +=    89] [mg   293(2) <-    89] 
   s t d i <- s         : [mx   294(0) +=    87] [mg   294(0) <-    87] [mx   295(1) +=    88] [mg   295(1) <-    88] [mx   296(2) +=    89] [mg   296(2) <-    89] 
t SIL av b <- t         : [mx   297(0) +=    90] [mg   297(0) <-    90] [mx   298(1) +=    91] [mg   298(1) <-    91] [mx   299(2) +=    92] [mg   299(2) <-    92] 
 t SIL r b <- t         : [mx   300(0) +=    90] [mg   300(0) <-    90] [mx   301(1) +=    91] [mg   301(1) <-    91] [mx   302(2) +=    92] [mg   302(2) <-    92] 
 t e SIL e <- t         : [mx   303(0) +=    90] [mg   303(0) <-    90] [mx   304(1) +=    91] [mg   304(1) <-    91] [mx   305(2) +=    92] [mg   305(2) <-    92] 
t eu SIL e <- t         : [mx   306(0) +=    90] [mg   306(0) <-    90] [mx   307(1) +=    91] [mg   307(1) <-    91] [mx   308(2) +=    92] [mg   308(2) <-    92] 
 t n oar i <- t         : [mx   309(0) +=    90] [mg   309(0) <-    90] [mx   310(1) +=    91] [mg   310(1) <-    91] [mx   311(2) +=    92] [mg   311(2) <-    92] 
 t ok ch i <- t         : [mx   312(0) +=    90] [mg   312(0) <-    90] [mx   313(1) +=    91] [mg   313(1) <-    91] [mx   314(2) +=    92] [mg   314(2) <-    92] 
  t ok s i <- t         : [mx   315(0) +=    90] [mg   315(0) <-    90] [mx   316(1) +=    91] [mg   316(1) <-    91] [mx   317(2) +=    92] [mg   317(2) <-    92] 
th SIL or b <- th        : [mx   318(0) +=    93] [mg   318(0) <-    93] [mx   319(1) +=    94] [mg   319(1) <-    94] [mx   320(2) +=    95] [mg   320(2) <-    95] 
  u ch p i <- u         : [mx   321(0) +=    96] [mg   321(0) <-    96] [mx   322(1) +=    97] [mg   322(1) <-    97] [mx   323(2) +=    98] [mg   323(2) <-    98] 
   u m k i <- u         : [mx   324(0) +=    96] [mg   324(0) <-    96] [mx   325(1) +=    97] [mg   325(1) <-    97] [mx   326(2) +=    98] [mg   326(2) <-    98] 
   u r m i <- u         : [mx   327(0) +=    96] [mg   327(0) <-    96] [mx   328(1) +=    97] [mg   328(1) <-    97] [mx   329(2) +=    98] [mg   329(2) <-    98] 
 uer l k i <- uer       : [mx   330(0) +=    99] [mg   330(0) <-    99] [mx   331(1) +=   100] [mg   331(1) <-   100] [mx   332(2) +=   101] [mg   332(2) <-   101] 
 v ch ee i <- v         : INFO: main.c(529): Writing dest /Volumes/HDD/WEB/Flask/building_user_login_system/finish/ASRProject/model_parameters/iot.cd_cont_untied/transition_matrices
INFO: s3tmat_io.c(176): Wrote /Volumes/HDD/WEB/Flask/building_user_login_system/finish/ASRProject/model_parameters/iot.cd_cont_untied/transition_matrices [35x3x4 array]
INFO: main.c(540): Writing dest /Volumes/HDD/WEB/Flask/building_user_login_system/finish/ASRProject/model_parameters/iot.cd_cont_untied/mixture_weights
INFO: s3mixw_io.c(233): Wrote /Volumes/HDD/WEB/Flask/building_user_login_system/finish/ASRProject/model_parameters/iot.cd_cont_untied/mixture_weights [336x1x1 array]
INFO: main.c(549): Writing dest /Volumes/HDD/WEB/Flask/building_user_login_system/finish/ASRProject/model_parameters/iot.cd_cont_untied/means
INFO: s3gau_io.c(228): Wrote /Volumes/HDD/WEB/Flask/building_user_login_system/finish/ASRProject/model_parameters/iot.cd_cont_untied/means [336x1x1 array]
INFO: main.c(561): Writing dest /Volumes/HDD/WEB/Flask/building_user_login_system/finish/ASRProject/model_parameters/iot.cd_cont_untied/variances
INFO: s3gau_io.c(228): Wrote /Volumes/HDD/WEB/Flask/building_user_login_system/finish/ASRProject/model_parameters/iot.cd_cont_untied/variances [336x1x1 array]
[mx   333(0) +=   102] [mg   333(0) <-   102] [mx   334(1) +=   103] [mg   334(1) <-   103] [mx   335(2) +=   104] [mg   335(2) <-   104] 
Mon Jun 29 00:03:41 2020
