Current configuration:
[NAME]		[DEFLT]	[VALUE]
-dictfn			/Volumes/HDD/WEB/Flask/building_user_login_system/finish/ASRProject/etc/iot.dic
-example	no	no
-fdictfn		/Volumes/HDD/WEB/Flask/building_user_login_system/finish/ASRProject/etc/iot.filler
-help		no	no
-ignorewpos	no	no
-inCDmdef		
-inCImdef		
-lsnfn			
-maxtriphones	100000	100000
-minocc		1	1
-n_state_pm	3	3
-oalltphnmdef		/Volumes/HDD/WEB/Flask/building_user_login_system/finish/ASRProject/model_architecture/iot.alltriphones.mdef
-ocimdef		
-ocountfn		
-ountiedmdef		
-phnlstfn		/Volumes/HDD/WEB/Flask/building_user_login_system/finish/ASRProject/model_architecture/iot.phonelist
-triphnlstfn		

INFO: main.c(94): Will write alltriphone mdef file /Volumes/HDD/WEB/Flask/building_user_login_system/finish/ASRProject/model_architecture/iot.alltriphones.mdef
INFO: mk_mdef_gen.c(189): 0 single word triphones in input phone list
INFO: mk_mdef_gen.c(190): 0 word beginning triphones in input phone list
INFO: mk_mdef_gen.c(191): 0 word internal triphones in input phone list
INFO: mk_mdef_gen.c(192): 0 word ending triphones in input phone list
INFO: mk_mdef_gen.c(280): Reading dict /Volumes/HDD/WEB/Flask/building_user_login_system/finish/ASRProject/etc/iot.dic
INFO: mk_mdef_gen.c(322): 20 words in dict /Volumes/HDD/WEB/Flask/building_user_login_system/finish/ASRProject/etc/iot.dic
INFO: mk_mdef_gen.c(280): Reading dict /Volumes/HDD/WEB/Flask/building_user_login_system/finish/ASRProject/etc/iot.filler
INFO: mk_mdef_gen.c(322): 3 words in dict /Volumes/HDD/WEB/Flask/building_user_login_system/finish/ASRProject/etc/iot.filler
INFO: mk_mdef_gen.c(442): 23 words in dictionary
INFO: mk_mdef_gen.c(443): 0 unique single word triphones in dictionary
INFO: mk_mdef_gen.c(444): 160 unique word beginning triphones in dictionary
INFO: mk_mdef_gen.c(445): 47 unique word internal triphones in dictionary
INFO: mk_mdef_gen.c(446): 154 unique word ending triphones in dictionary
INFO: mk_mdef_gen.c(897): 35 n_base, 361 n_tri
INFO: mk_mdef_gen.c(969): Wrote mdef file /Volumes/HDD/WEB/Flask/building_user_login_system/finish/ASRProject/model_architecture/iot.alltriphones.mdef
Mon Jun 29 00:04:01 2020
